<?xml version="1.0" encoding="UTF-8"?>
<testng-results skipped="6" failed="2" total="9" passed="1">
    <reporter-output>
    </reporter-output>
    <suite name="ApiManager-features-test-suite" duration-ms="28490" started-at="2018-06-21T15:48:38Z" finished-at="2018-06-21T15:49:06Z">
        <groups>
            <group name="webapp">
                <method signature="org.wso2.am.integration.tests.api.lifecycle.AddEditRemoveRESTResourceTestCase.testInvokeGETResource()" name="testInvokeGETResource" class="org.wso2.am.integration.tests.api.lifecycle.AddEditRemoveRESTResourceTestCase"/>
                <method signature="org.wso2.am.integration.tests.api.lifecycle.AddEditRemoveRESTResourceTestCase.testInvokePOSTResourceBeforeAddingPOSTResource()" name="testInvokePOSTResourceBeforeAddingPOSTResource" class="org.wso2.am.integration.tests.api.lifecycle.AddEditRemoveRESTResourceTestCase"/>
                <method signature="org.wso2.am.integration.tests.api.lifecycle.AddEditRemoveRESTResourceTestCase.testInvokePOSTAndGETResourceAfterAddingPOSTResource()" name="testInvokePOSTAndGETResourceAfterAddingPOSTResource" class="org.wso2.am.integration.tests.api.lifecycle.AddEditRemoveRESTResourceTestCase"/>
                <method signature="org.wso2.am.integration.tests.api.lifecycle.AddEditRemoveRESTResourceTestCase.testInvokePOSTAndGetResourceAfterAddingURLPattern()" name="testInvokePOSTAndGetResourceAfterAddingURLPattern" class="org.wso2.am.integration.tests.api.lifecycle.AddEditRemoveRESTResourceTestCase"/>
                <method signature="org.wso2.am.integration.tests.api.lifecycle.AddEditRemoveRESTResourceTestCase.testInvokeGETAndPOSTResourceAfterRemovePOSTResource()" name="testInvokeGETAndPOSTResourceAfterRemovePOSTResource" class="org.wso2.am.integration.tests.api.lifecycle.AddEditRemoveRESTResourceTestCase"/>
                <method signature="org.wso2.am.integration.tests.api.lifecycle.PluggableVersioningStrategyTestCase.testPluggableVersioningStratergy()" name="testPluggableVersioningStratergy" class="org.wso2.am.integration.tests.api.lifecycle.PluggableVersioningStrategyTestCase"/>
            </group>
            <group name="wso2.am">
                <method signature="org.wso2.am.integration.tests.api.lifecycle.ChangeAPIEndPointURLTestCase.testAPIInvocationBeforeChangeTheEndPointURL()" name="testAPIInvocationBeforeChangeTheEndPointURL" class="org.wso2.am.integration.tests.api.lifecycle.ChangeAPIEndPointURLTestCase"/>
                <method signature="org.wso2.am.integration.tests.api.lifecycle.ChangeAPIEndPointURLTestCase.testEditEndPointURL()" name="testEditEndPointURL" class="org.wso2.am.integration.tests.api.lifecycle.ChangeAPIEndPointURLTestCase"/>
                <method signature="org.wso2.am.integration.tests.api.lifecycle.ChangeAPIEndPointURLTestCase.testInvokeAPIAfterChangeAPIEndPointURLWithNewEndPointURL()" name="testInvokeAPIAfterChangeAPIEndPointURLWithNewEndPointURL" class="org.wso2.am.integration.tests.api.lifecycle.ChangeAPIEndPointURLTestCase"/>
            </group>
        </groups>
        <test name="apim-integration-tests-api-common" duration-ms="28490" started-at="2018-06-21T15:48:38Z" finished-at="2018-06-21T15:49:06Z">
            <class name="org.wso2.am.integration.tests.other.AdvancedWebAppDeploymentConfig">
                <test-method status="PASS" signature="deployWebApps()" name="deployWebApps" is-config="true" duration-ms="23621" started-at="2018-06-21T15:48:38Z" finished-at="2018-06-21T15:49:01Z">
                </test-method>
                <test-method status="PASS" signature="cleanUpArtifacts()" name="cleanUpArtifacts" is-config="true" duration-ms="704" started-at="2018-06-21T15:49:05Z" finished-at="2018-06-21T15:49:06Z">
                </test-method>
            </class>
            <class name="org.wso2.am.integration.tests.api.lifecycle.AddEditRemoveRESTResourceTestCase">
                <test-method status="PASS" signature="initialize()" name="initialize" is-config="true" duration-ms="643" started-at="2018-06-21T15:49:01Z" finished-at="2018-06-21T15:49:02Z">
                </test-method>
                <test-method status="PASS" signature="testInvokeGETResource()" name="testInvokeGETResource"
                             duration-ms="2183" started-at="2018-06-21T15:49:02Z"
                             description="Test the invocation of GET resource"
                             finished-at="2018-06-21T15:49:04Z">
                </test-method>

                <test-method status="FAIL" signature="testInvokePOSTResourceBeforeAddingPOSTResource()"
                             name="testInvokePOSTResourceBeforeAddingPOSTResource" duration-ms="39" started-at="2018-06-21T15:49:04Z"
                             description="Test the invocation of POST resource, before adding a POSt resource"
                             depends-on-methods="org.wso2.am.integration.tests.api.lifecycle.AddEditRemoveRESTResourceTestCase.testInvokeGETResource" finished-at="2018-06-21T15:49:04Z">

                    testcase: test name
                    failureMessage:
                    $sig - $description - status
                    $sig - $description - status - exception message (cdata removed)

                    <exception class="java.lang.AssertionError">
                        <message>
                            <![CDATA[API Context is not in error message Connection error (is server running at http://localhost:8780/1.0.0/api/customers/name/ ?): Server returned HTTP response code: 405 for URL: http://localhost:8780/1.0.0/api/customers/name/ expected:<false> but was:<true>]]>
                        </message>
                        <full-stacktrace>
                            <![CDATA[java.lang.AssertionError: API Context is not in error message Connection error (is server running at http://localhost:8780/1.0.0/api/customers/name/ ?): Server returned HTTP response code: 405 for URL: http://localhost:8780/1.0.0/api/customers/name/ expected:<false> but was:<true>
	at org.testng.Assert.fail(Assert.java:89)
	at org.testng.Assert.failNotEquals(Assert.java:489)
	at org.testng.Assert.assertFalse(Assert.java:58)
	at org.wso2.am.integration.tests.api.lifecycle.AddEditRemoveRESTResourceTestCase.testInvokePOSTResourceBeforeAddingPOSTResource(AddEditRemoveRESTResourceTestCase.java:126)
	at sun.reflect.NativeMethodAccessorImpl.invoke0(Native Method)
	at sun.reflect.NativeMethodAccessorImpl.invoke(NativeMethodAccessorImpl.java:62)
	at sun.reflect.DelegatingMethodAccessorImpl.invoke(DelegatingMethodAccessorImpl.java:43)
	at java.lang.reflect.Method.invoke(Method.java:498)
	at org.testng.internal.MethodInvocationHelper.invokeMethod(MethodInvocationHelper.java:80)
	at org.testng.internal.Invoker.invokeMethod(Invoker.java:673)
	at org.testng.internal.Invoker.invokeTestMethod(Invoker.java:842)
	at org.testng.internal.Invoker.invokeTestMethods(Invoker.java:1166)
	at org.testng.internal.TestMethodWorker.invokeTestMethods(TestMethodWorker.java:125)
	at org.testng.internal.TestMethodWorker.run(TestMethodWorker.java:109)
	at org.testng.TestRunner.runWorkers(TestRunner.java:1178)
	at org.testng.TestRunner.privateRun(TestRunner.java:757)
	at org.testng.TestRunner.run(TestRunner.java:608)
	at org.testng.SuiteRunner.runTest(SuiteRunner.java:334)
	at org.testng.SuiteRunner.runSequentially(SuiteRunner.java:329)
	at org.testng.SuiteRunner.privateRun(SuiteRunner.java:291)
	at org.testng.SuiteRunner.run(SuiteRunner.java:240)
	at org.testng.SuiteRunnerWorker.runSuite(SuiteRunnerWorker.java:52)
	at org.testng.SuiteRunnerWorker.run(SuiteRunnerWorker.java:86)
	at org.testng.TestNG.runSuitesSequentially(TestNG.java:1158)
	at org.testng.TestNG.runSuitesLocally(TestNG.java:1083)
	at org.testng.TestNG.run(TestNG.java:999)
	at org.apache.maven.surefire.testng.TestNGExecutor.run(TestNGExecutor.java:295)
	at org.apache.maven.surefire.testng.TestNGXmlTestSuite.execute(TestNGXmlTestSuite.java:84)
	at org.apache.maven.surefire.testng.TestNGProvider.invoke(TestNGProvider.java:90)
	at org.apache.maven.surefire.booter.ForkedBooter.invokeProviderInSameClassLoader(ForkedBooter.java:203)
	at org.apache.maven.surefire.booter.ForkedBooter.runSuitesInProcess(ForkedBooter.java:155)
	at org.apache.maven.surefire.booter.ForkedBooter.main(ForkedBooter.java:103)
]]>
                        </full-stacktrace>
                    </exception>
                </test-method>
                <test-method status="SKIP" signature="testInvokeGETAndPOSTResourceAfterRemovePOSTResource()" name="testInvokeGETAndPOSTResourceAfterRemovePOSTResource" duration-ms="1" started-at="2018-06-21T15:49:04Z" description="Test the invocation of POST and GET resource, after Remove POST resource" depends-on-methods="org.wso2.am.integration.tests.api.lifecycle.AddEditRemoveRESTResourceTestCase.testInvokePOSTAndGetResourceAfterAddingURLPattern" finished-at="2018-06-21T15:49:04Z">
                </test-method>
                <test-method status="SKIP" signature="testInvokePOSTAndGETResourceAfterAddingPOSTResource()" name="testInvokePOSTAndGETResourceAfterAddingPOSTResource" duration-ms="0" started-at="2018-06-21T15:49:04Z" description="Test the invocation of POST and GET resource, after adding a POST resource" depends-on-methods="org.wso2.am.integration.tests.api.lifecycle.AddEditRemoveRESTResourceTestCase.testInvokePOSTResourceBeforeAddingPOSTResource" finished-at="2018-06-21T15:49:04Z">
                </test-method>
                <test-method status="SKIP" signature="testInvokePOSTAndGetResourceAfterAddingURLPattern()" name="testInvokePOSTAndGetResourceAfterAddingURLPattern" duration-ms="0" started-at="2018-06-21T15:49:04Z" description="Test the invocation of POST and GET resource, after adding a URL pattern" depends-on-methods="org.wso2.am.integration.tests.api.lifecycle.AddEditRemoveRESTResourceTestCase.testInvokePOSTAndGETResourceAfterAddingPOSTResource" finished-at="2018-06-21T15:49:04Z">
                </test-method>
            </class>
            <class name="org.wso2.am.integration.tests.api.lifecycle.ChangeAPIEndPointURLTestCase">
                <test-method status="PASS" signature="initialize()" name="initialize" is-config="true" duration-ms="553" started-at="2018-06-21T15:49:05Z" finished-at="2018-06-21T15:49:05Z">
                </test-method>
                <test-method name="testInvokeAPIAfterChangeAPIEndPointURLWithNewEndPointURL" signature="testInvokeAPIAfterChangeAPIEndPointURLWithNewEndPointURL()" depends-on-groups="webapp" status="SKIP" duration-ms="0" finished-at="2018-06-21T15:49:05Z" started-at="2018-06-21T15:49:05Z" depends-on-methods="org.wso2.am.integration.tests.api.lifecycle.ChangeAPIEndPointURLTestCase.testEditEndPointURL" description="Test the invocation of API using new end point URL  after end point URL  change">
                </test-method>
                <test-method status="SKIP" signature="testAPIInvocationBeforeChangeTheEndPointURL()" name="testAPIInvocationBeforeChangeTheEndPointURL" duration-ms="0" depends-on-groups="webapp" started-at="2018-06-21T15:49:05Z" description="Test  invocation of API before change the  api end point URL." finished-at="2018-06-21T15:49:05Z">
                </test-method>
                <test-method name="testEditEndPointURL" signature="testEditEndPointURL()" depends-on-groups="webapp" status="SKIP" duration-ms="0" finished-at="2018-06-21T15:49:05Z" started-at="2018-06-21T15:49:05Z" depends-on-methods="org.wso2.am.integration.tests.api.lifecycle.ChangeAPIEndPointURLTestCase.testAPIInvocationBeforeChangeTheEndPointURL" description="Test changing of the API end point URL">
                </test-method>
            </class>
            <class name="org.wso2.am.integration.tests.api.lifecycle.PluggableVersioningStrategyTestCase">
                <test-method status="PASS" signature="initialize()" name="initialize" is-config="true" duration-ms="621" started-at="2018-06-21T15:49:04Z" finished-at="2018-06-21T15:49:05Z">
                </test-method>
                <test-method status="FAIL" signature="testPluggableVersioningStratergy()" name="testPluggableVersioningStratergy" duration-ms="100" started-at="2018-06-21T15:49:05Z" description="This test method tests the pluggable versioning stratergy" finished-at="2018-06-21T15:49:05Z">
                    <exception class="java.lang.AssertionError">
                        <message>
                            <![CDATA[Response Data not match for GET request. Expected value : <id>123</id><name>John</name></Customer> not contains in response data <?xml version="1.0" encoding="UTF-8" standalone="yes"?><Customer><id>123</id><name>John</name></Customer> expected:<false> but was:<true>]]>
                        </message>
                        <full-stacktrace>
                            <![CDATA[java.lang.AssertionError: Response Data not match for GET request. Expected value : <id>123</id><name>John</name></Customer> not contains in response data <?xml version="1.0" encoding="UTF-8" standalone="yes"?><Customer><id>123</id><name>John</name></Customer> expected:<false> but was:<true>
	at org.testng.Assert.fail(Assert.java:89)
	at org.testng.Assert.failNotEquals(Assert.java:489)
	at org.testng.Assert.assertFalse(Assert.java:58)
	at org.wso2.am.integration.tests.api.lifecycle.PluggableVersioningStrategyTestCase.testPluggableVersioningStratergy(PluggableVersioningStrategyTestCase.java:76)
	at sun.reflect.NativeMethodAccessorImpl.invoke0(Native Method)
	at sun.reflect.NativeMethodAccessorImpl.invoke(NativeMethodAccessorImpl.java:62)
	at sun.reflect.DelegatingMethodAccessorImpl.invoke(DelegatingMethodAccessorImpl.java:43)
	at java.lang.reflect.Method.invoke(Method.java:498)
	at org.testng.internal.MethodInvocationHelper.invokeMethod(MethodInvocationHelper.java:80)
	at org.testng.internal.Invoker.invokeMethod(Invoker.java:673)
	at org.testng.internal.Invoker.invokeTestMethod(Invoker.java:842)
	at org.testng.internal.Invoker.invokeTestMethods(Invoker.java:1166)
	at org.testng.internal.TestMethodWorker.invokeTestMethods(TestMethodWorker.java:125)
	at org.testng.internal.TestMethodWorker.run(TestMethodWorker.java:109)
	at org.testng.TestRunner.runWorkers(TestRunner.java:1178)
	at org.testng.TestRunner.privateRun(TestRunner.java:757)
	at org.testng.TestRunner.run(TestRunner.java:608)
	at org.testng.SuiteRunner.runTest(SuiteRunner.java:334)
	at org.testng.SuiteRunner.runSequentially(SuiteRunner.java:329)
	at org.testng.SuiteRunner.privateRun(SuiteRunner.java:291)
	at org.testng.SuiteRunner.run(SuiteRunner.java:240)
	at org.testng.SuiteRunnerWorker.runSuite(SuiteRunnerWorker.java:52)
	at org.testng.SuiteRunnerWorker.run(SuiteRunnerWorker.java:86)
	at org.testng.TestNG.runSuitesSequentially(TestNG.java:1158)
	at org.testng.TestNG.runSuitesLocally(TestNG.java:1083)
	at org.testng.TestNG.run(TestNG.java:999)
	at org.apache.maven.surefire.testng.TestNGExecutor.run(TestNGExecutor.java:295)
	at org.apache.maven.surefire.testng.TestNGXmlTestSuite.execute(TestNGXmlTestSuite.java:84)
	at org.apache.maven.surefire.testng.TestNGProvider.invoke(TestNGProvider.java:90)
	at org.apache.maven.surefire.booter.ForkedBooter.invokeProviderInSameClassLoader(ForkedBooter.java:203)
	at org.apache.maven.surefire.booter.ForkedBooter.runSuitesInProcess(ForkedBooter.java:155)
	at org.apache.maven.surefire.booter.ForkedBooter.main(ForkedBooter.java:103)
]]>
                        </full-stacktrace>
                    </exception>
                </test-method>
            </class>
        </test>
    </suite>
    <suite name="apim-automation-tests-suite-1" duration-ms="25782" started-at="2018-06-21T15:48:12Z" finished-at="2018-06-21T15:48:38Z">
        <groups>
        </groups>
        <test name="apim-common-tests" duration-ms="25782" started-at="2018-06-21T15:48:12Z" finished-at="2018-06-21T15:48:38Z">
            <class name="org.wso2.am.integration.tests.api.lifecycle.APIManagerConfigurationChangeTest">
                <test-method status="PASS" signature="startDeployingWebAPPs()" name="startDeployingWebAPPs" is-config="true" duration-ms="25315" started-at="2018-06-21T15:48:12Z" finished-at="2018-06-21T15:48:37Z">
                </test-method>
                <test-method status="PASS" signature="unDeployWebApps()" name="unDeployWebApps" is-config="true" duration-ms="461" started-at="2018-06-21T15:48:37Z" finished-at="2018-06-21T15:48:38Z">
                </test-method>
            </class>
        </test>
    </suite>
</testng-results>
