<?xml version="1.0" encoding="UTF-8"?>
<!-- Generated by org.testng.reporters.JUnitXMLReporter -->
<testsuite hostname="asma-ThinkPad-X1-Carbon-5th" ignored="0" name="esb-sample" tests="3" failures="0" timestamp="22 Nov 2017 17:15:31 GMT" time="0.237" errors="0">
  <testcase name="testESB1" time="0.0" classname="org.wso2.carbon.automation.platform.esb.tests.SampleTestCase"/>
  <testcase name="testESB2" time="0.001" classname="org.wso2.carbon.automation.platform.esb.tests.SampleTestCase"/>
  <testcase name="testESB3" time="0.001" classname="org.wso2.carbon.automation.platform.esb.tests.SampleTestCase"/>
</testsuite> <!-- esb-sample -->
