<?xml version="1.0" encoding="UTF-8"?>
<!-- Generated by org.testng.reporters.JUnitXMLReporter -->
<testsuite hostname="gaje" ignored="0" name="Surefire test" tests="6" failures="0" timestamp="09 Jul 2018 12:51:06 GMT" time="4.075" errors="0">
  <testcase name="testPrintSummary" time="0.095" classname="org.wso2.testgrid.core.TestPlanExecutorTest"/>
  <testcase name="testExecute" time="0.901" classname="org.wso2.testgrid.core.command.GenerateTestPlanCommandTest"/>
  <testcase name="testExecute" time="0.026" classname="org.wso2.testgrid.core.command.GenerateTestPlanCommandTest"/>
  <testcase name="testExecute" time="1.464" classname="org.wso2.testgrid.core.command.RunTestPlanCommandTest"/>
  <testcase name="testExecute" time="0.104" classname="org.wso2.testgrid.core.command.RunTestPlanCommandTest"/>
  <testcase name="testGetCombinations" time="0.023" classname="org.wso2.testgrid.infrastructure.InfrastructureCombinationsProviderTest"/>
</testsuite> <!-- Surefire test -->
