<?xml version="1.0" encoding="UTF-8"?>
<testsuite name="TestSuite" time="3,326.546" tests="541" errors="0" skipped="0" failures="0">
    <properties>
[...]
</properties>
    <testcase name="testVerifyLogs" classname="org.wso2.am.integration.tests.server.mgt.APIMgtServerStartupTestCase" time="2.846"/>
    <testcase name="testOSGIUnsatisfiedComponents" classname="org.wso2.am.integration.tests.server.mgt.OSGIServerBundleStatusTestCase" time="10.162"/>
    <testcase name="testInvalidLoginAsPublisherTestCase" classname="org.wso2.am.integration.tests.login.LoginValidationTestCase" time="0.764"/>
    <testcase name="testInvalidLoginAsPublisherTestCase" classname="org.wso2.am.integration.tests.login.LoginValidationTestCase" time="0.088"/>
    <testcase name="testInvalidLoginAsSubscriberTestCase" classname="org.wso2.am.integration.tests.login.LoginValidationTestCase" time="0.435"/>
    <testcase name="testInvalidLoginAsSubscriberTestCase" classname="org.wso2.am.integration.tests.login.LoginValidationTestCase" time="0.241"/>
    <testcase name="testLoginToStoreTestCase" classname="org.wso2.am.integration.tests.login.LoginValidationTestCase" time="1.846"/>
    <testcase name="testLoginToStoreTestCase" classname="org.wso2.am.integration.tests.login.LoginValidationTestCase" time="1.397"/>
    <testcase name="testInvokeGETResource" classname="org.wso2.am.integration.tests.api.lifecycle.AddEditRemoveRESTResourceTestCase" time="2.37"/>
    <testcase name="testInvokePOSTResourceBeforeAddingPOSTResource" classname="org.wso2.am.integration.tests.api.lifecycle.AddEditRemoveRESTResourceTestCase" time="0.032"/>
    <testcase name="testInvokePOSTAndGETResourceAfterAddingPOSTResource" classname="org.wso2.am.integration.tests.api.lifecycle.AddEditRemoveRESTResourceTestCase" time="17.061"/>
    <testcase name="testInvokePOSTAndGetResourceAfterAddingURLPattern" classname="org.wso2.am.integration.tests.api.lifecycle.AddEditRemoveRESTResourceTestCase" time="18.873"/>
    <testcase name="testInvokeGETAndPOSTResourceAfterRemovePOSTResource" classname="org.wso2.am.integration.tests.api.lifecycle.AddEditRemoveRESTResourceTestCase" time="16.832"/>
    <testcase name="testPluggableVersioningStratergy" classname="org.wso2.am.integration.tests.api.lifecycle.PluggableVersioningStrategyTestCase" time="0.023"/>
    <testcase name="testAPIInvocationBeforeChangeTheEndPointURL" classname="org.wso2.am.integration.tests.api.lifecycle.ChangeAPIEndPointURLTestCase" time="0.032"/>
    <testcase name="testEditEndPointURL" classname="org.wso2.am.integration.tests.api.lifecycle.ChangeAPIEndPointURLTestCase" time="16.572"/>
    <testcase name="testInvokeAPIAfterChangeAPIEndPointURLWithNewEndPointURL" classname="org.wso2.am.integration.tests.api.lifecycle.ChangeAPIEndPointURLTestCase" time="0.135"/>
    <testcase name="testAPIApplicationLifeCycleITestCase" classname="org.wso2.am.integration.tests.other.APIApplicationLifeCycleTestCase" time="25.503"/>
    <testcase name="testInvalidLoginAsPublisherTestCase" classname="org.wso2.am.integration.tests.other.APIApplicationLifeCycleTestCase" time="0.034"/>
    <testcase name="copyAPILifeCycleTestCase" classname="org.wso2.am.integration.tests.other.APIApplicationLifeCycleTestCase" time="5.165"/>
    <testcase name="copyAndDepricateAPILifeCycleTestCase" classname="org.wso2.am.integration.tests.other.APIApplicationLifeCycleTestCase" time="6.648"/>
    <testcase name="otherAPILifeCycleStatesTestCase" classname="org.wso2.am.integration.tests.other.APIApplicationLifeCycleTestCase" time="7.44"/>
    <testcase name="testAPIVisibilityTestCase" classname="org.wso2.am.integration.tests.other.APIApplicationLifeCycleTestCase" time="10.907"/>
    <testcase name="testApplicationsInStoreTestCase" classname="org.wso2.am.integration.tests.other.APIApplicationLifeCycleTestCase" time="0.314"/>
    <testcase name="testInvalidLoginAsSubscriberTestCase" classname="org.wso2.am.integration.tests.other.APIApplicationLifeCycleTestCase" time="0.11"/>
    <testcase name="testInvalidLoginAsTenantSubscriberTestCase" classname="org.wso2.am.integration.tests.other.APIApplicationLifeCycleTestCase" time="0.506"/>
    <testcase name="testLoginToStoreTestCase" classname="org.wso2.am.integration.tests.other.APIApplicationLifeCycleTestCase" time="0.286"/>
    <testcase name="testInvokeAPIBeforeChangeAPILifecycleToBlock" classname="org.wso2.am.integration.tests.api.lifecycle.AccessibilityOfBlockAPITestCase" time="3.53"/>
    <testcase name="testChangeAPILifecycleToBlock" classname="org.wso2.am.integration.tests.api.lifecycle.AccessibilityOfBlockAPITestCase" time="2.017"/>
    <testcase name="testInvokeAPIAfterChangeAPILifecycleToBlock" classname="org.wso2.am.integration.tests.api.lifecycle.AccessibilityOfBlockAPITestCase" time="15.024"/>
    <testcase name="testSubscribeOldVersionBeforeDeprecate" classname="org.wso2.am.integration.tests.api.lifecycle.AccessibilityOfDeprecatedOldAPIAndPublishedCopyAPITestCase" time="5.363"/>
    <testcase name="testSubscribeNewVersion" classname="org.wso2.am.integration.tests.api.lifecycle.AccessibilityOfDeprecatedOldAPIAndPublishedCopyAPITestCase" time="0.046"/>
    <testcase name="testDeprecateOldVersion" classname="org.wso2.am.integration.tests.api.lifecycle.AccessibilityOfDeprecatedOldAPIAndPublishedCopyAPITestCase" time="1.846"/>
    <testcase name="testVisibilityOfOldAPIInStoreAfterDeprecate" classname="org.wso2.am.integration.tests.api.lifecycle.AccessibilityOfDeprecatedOldAPIAndPublishedCopyAPITestCase" time="0.23"/>
    <testcase name="testVisibilityOfNewAPIInStore" classname="org.wso2.am.integration.tests.api.lifecycle.AccessibilityOfDeprecatedOldAPIAndPublishedCopyAPITestCase" time="0.033"/>
    <testcase name="testSubscribeOldVersionAfterDeprecate" classname="org.wso2.am.integration.tests.api.lifecycle.AccessibilityOfDeprecatedOldAPIAndPublishedCopyAPITestCase" time="0.053"/>
    <testcase name="testAccessibilityOfDeprecateOldAPIAndPublishedCopyAPI" classname="org.wso2.am.integration.tests.api.lifecycle.AccessibilityOfDeprecatedOldAPIAndPublishedCopyAPITestCase" time="0.368"/>
    <testcase name="testSubscriptionOfOldAPI" classname="org.wso2.am.integration.tests.api.lifecycle.AccessibilityOfOldAPIAndCopyAPIWithOutReSubscriptionTestCase" time="2.72"/>
    <testcase name="testPublishCopiedAPIWithOutReSubscriptionRequired" classname="org.wso2.am.integration.tests.api.lifecycle.AccessibilityOfOldAPIAndCopyAPIWithOutReSubscriptionTestCase" time="2.922"/>
    <testcase name="testInvokeNewAPIWithoutSubscribeTheNewVersion" classname="org.wso2.am.integration.tests.api.lifecycle.AccessibilityOfOldAPIAndCopyAPIWithOutReSubscriptionTestCase" time="1.126"/>
    <testcase name="testSubscriptionOfOldAPI" classname="org.wso2.am.integration.tests.api.lifecycle.AccessibilityOfOldAPIAndCopyAPIWithReSubscriptionTestCase" time="2.391"/>
    <testcase name="testPublishCopiedAPIWithReSubscriptionRequired" classname="org.wso2.am.integration.tests.api.lifecycle.AccessibilityOfOldAPIAndCopyAPIWithReSubscriptionTestCase" time="2.8"/>
    <testcase name="testInvokeOldAPIBeforeSubscribeTheNewVersion" classname="org.wso2.am.integration.tests.api.lifecycle.AccessibilityOfOldAPIAndCopyAPIWithReSubscriptionTestCase" time="0.69"/>
    <testcase name="testInvokeNewAPIBeforeSubscribeTheNewVersion" classname="org.wso2.am.integration.tests.api.lifecycle.AccessibilityOfOldAPIAndCopyAPIWithReSubscriptionTestCase" time="0.048"/>
    <testcase name="testSubscribeTheNewVersion" classname="org.wso2.am.integration.tests.api.lifecycle.AccessibilityOfOldAPIAndCopyAPIWithReSubscriptionTestCase" time="0.052"/>
    <testcase name="testInvokeNewAPIAfterSubscribeTheNewVersion" classname="org.wso2.am.integration.tests.api.lifecycle.AccessibilityOfOldAPIAndCopyAPIWithReSubscriptionTestCase" time="30.061"/>
    <testcase name="testInvokeAPIBeforeChangeAPILifecycleToRetired" classname="org.wso2.am.integration.tests.api.lifecycle.AccessibilityOfRetireAPITestCase" time="3.077"/>
    <testcase name="testChangeAPILifecycleToDepricated" classname="org.wso2.am.integration.tests.api.lifecycle.AccessibilityOfRetireAPITestCase" time="2.089"/>
    <testcase name="testChangeAPILifecycleToRetired" classname="org.wso2.am.integration.tests.api.lifecycle.AccessibilityOfRetireAPITestCase" time="1.973"/>
    <testcase name="testAvailabilityOfRetiredAPIInStore" classname="org.wso2.am.integration.tests.api.lifecycle.AccessibilityOfRetireAPITestCase" time="0.086"/>
    <testcase name="testInvokeAPIAfterChangeAPILifecycleToRetired" classname="org.wso2.am.integration.tests.api.lifecycle.AccessibilityOfRetireAPITestCase" time="0.09"/>
    <testcase name="testCopyAPI" classname="org.wso2.am.integration.tests.api.lifecycle.APIAccessibilityOfPublishedOldAPIAndPublishedCopyAPITestCase" time="3.179"/>
    <testcase name="testPublishCopiedAPI" classname="org.wso2.am.integration.tests.api.lifecycle.APIAccessibilityOfPublishedOldAPIAndPublishedCopyAPITestCase" time="1.927"/>
    <testcase name="testAvailabilityOfOldAndNewAPIVersionsInStore" classname="org.wso2.am.integration.tests.api.lifecycle.APIAccessibilityOfPublishedOldAPIAndPublishedCopyAPITestCase" time="0.183"/>
    <testcase name="testSubscribeOldVersion" classname="org.wso2.am.integration.tests.api.lifecycle.APIAccessibilityOfPublishedOldAPIAndPublishedCopyAPITestCase" time="0.039"/>
    <testcase name="testSubscribeNewVersion" classname="org.wso2.am.integration.tests.api.lifecycle.APIAccessibilityOfPublishedOldAPIAndPublishedCopyAPITestCase" time="0.035"/>
    <testcase name="testAccessibilityOfPublishedOldAPIAndPublishedCopyAPI" classname="org.wso2.am.integration.tests.api.lifecycle.APIAccessibilityOfPublishedOldAPIAndPublishedCopyAPITestCase" time="0.385"/>
    <testcase name="testAvailabilityOfAPIInPublisher" classname="org.wso2.am.integration.tests.api.lifecycle.APIPublishingAndVisibilityInStoreTestCase" time="0.632"/>
    <testcase name="testVisibilityOfAPIInStoreBeforePublishing" classname="org.wso2.am.integration.tests.api.lifecycle.APIPublishingAndVisibilityInStoreTestCase" time="0.013"/>
    <testcase name="testAPIPublishing" classname="org.wso2.am.integration.tests.api.lifecycle.APIPublishingAndVisibilityInStoreTestCase" time="1.66"/>
    <testcase name="testVisibilityOfAPIInStoreAfterPublishing" classname="org.wso2.am.integration.tests.api.lifecycle.APIPublishingAndVisibilityInStoreTestCase" time="0.096"/>
    <testcase name="testVisibilityForCreatorInPublisher" classname="org.wso2.am.integration.tests.api.lifecycle.APIVisibilityByDomainTestCase" time="17.329"/>
    <testcase name="testVisibilityForCreatorInStore" classname="org.wso2.am.integration.tests.api.lifecycle.APIVisibilityByDomainTestCase" time="0.015"/>
    <testcase name="testVisibilityForAdminInSameDomainInPublisher" classname="org.wso2.am.integration.tests.api.lifecycle.APIVisibilityByDomainTestCase" time="0.027"/>
    <testcase name="testVisibilityForAdminInSameDomainInStore" classname="org.wso2.am.integration.tests.api.lifecycle.APIVisibilityByDomainTestCase" time="0.014"/>
    <testcase name="testVisibilityForAnotherUserInSameDomainInPublisher" classname="org.wso2.am.integration.tests.api.lifecycle.APIVisibilityByDomainTestCase" time="0.021"/>
    <testcase name="testVisibilityForAnotherUserInSameDomainInStore" classname="org.wso2.am.integration.tests.api.lifecycle.APIVisibilityByDomainTestCase" time="0.028"/>
    <testcase name="testVisibilityForAnotherUserInOtherDomainInPublisher" classname="org.wso2.am.integration.tests.api.lifecycle.APIVisibilityByDomainTestCase" time="0.005"/>
    <testcase name="testVisibilityForAnotherUserInOtherDomainInStore" classname="org.wso2.am.integration.tests.api.lifecycle.APIVisibilityByDomainTestCase" time="0.028"/>
    <testcase name="testVisibilityForAdminInOtherDomainInPublisher" classname="org.wso2.am.integration.tests.api.lifecycle.APIVisibilityByDomainTestCase" time="0.041"/>
    <testcase name="testVisibilityForAdminInOtherDomainInStore" classname="org.wso2.am.integration.tests.api.lifecycle.APIVisibilityByDomainTestCase" time="0.01"/>
    <testcase name="testVisibilityForAnonymousUserInSameDomainInStore" classname="org.wso2.am.integration.tests.api.lifecycle.APIVisibilityByDomainTestCase" time="0.053"/>
    <testcase name="testVisibilityForAnonymousUserInOtherDomainInStore" classname="org.wso2.am.integration.tests.api.lifecycle.APIVisibilityByDomainTestCase" time="0.024"/>
    <testcase name="testVisibilityForCreatorInPublisher" classname="org.wso2.am.integration.tests.api.lifecycle.APIVisibilityByPublicTestCase" time="2.368"/>
    <testcase name="testVisibilityForCreatorInStore" classname="org.wso2.am.integration.tests.api.lifecycle.APIVisibilityByPublicTestCase" time="0.014"/>
    <testcase name="testVisibilityForAdminInSameDomainInPublisher" classname="org.wso2.am.integration.tests.api.lifecycle.APIVisibilityByPublicTestCase" time="0.025"/>
    <testcase name="testVisibilityForAdminInSameDomainInStore" classname="org.wso2.am.integration.tests.api.lifecycle.APIVisibilityByPublicTestCase" time="0.015"/>
    <testcase name="testVisibilityForAnotherUserInSameDomainInPublisher" classname="org.wso2.am.integration.tests.api.lifecycle.APIVisibilityByPublicTestCase" time="0.024"/>
    <testcase name="testVisibilityForAnotherUserInSameDomainInStore" classname="org.wso2.am.integration.tests.api.lifecycle.APIVisibilityByPublicTestCase" time="0.014"/>
    <testcase name="testVisibilityForAnotherUserInOtherDomainInPublisher" classname="org.wso2.am.integration.tests.api.lifecycle.APIVisibilityByPublicTestCase" time="0.007"/>
    <testcase name="testVisibilityForAnotherUserInOtherDomainInStore" classname="org.wso2.am.integration.tests.api.lifecycle.APIVisibilityByPublicTestCase" time="0.005"/>
    <testcase name="testVisibilityForAdminInOtherDomainInPublisher" classname="org.wso2.am.integration.tests.api.lifecycle.APIVisibilityByPublicTestCase" time="0.007"/>
    <testcase name="testVisibilityForAdminInOtherDomainInStore" classname="org.wso2.am.integration.tests.api.lifecycle.APIVisibilityByPublicTestCase" time="0.006"/>
    <testcase name="testVisibilityForAnonymousUserInOtherDomainInStore" classname="org.wso2.am.integration.tests.api.lifecycle.APIVisibilityByPublicTestCase" time="0.031"/>
    <testcase name="testVisibilityForAnonymousUserInSameDomainInStore" classname="org.wso2.am.integration.tests.api.lifecycle.APIVisibilityByPublicTestCase" time="2.053"/>
    <testcase name="testVisibilityForCreatorInPublisher" classname="org.wso2.am.integration.tests.api.lifecycle.APIVisibilityByRoleTestCase" time="34.923"/>
    <testcase name="testVisibilityForAdminUserWithAdminAndSubscriberRoleInSameDomainInStore" classname="org.wso2.am.integration.tests.api.lifecycle.APIVisibilityByRoleTestCase" time="0.021"/>
    <testcase name="testVisibilityForAnotherUserWithAdminAndSubscriberRoleInSameDomainInPublisher" classname="org.wso2.am.integration.tests.api.lifecycle.APIVisibilityByRoleTestCase" time="0.038"/>
    <testcase name="testVisibilityForAnotherUserWithAdminAndSubscriberRoleInSameDomainInStore" classname="org.wso2.am.integration.tests.api.lifecycle.APIVisibilityByRoleTestCase" time="0.02"/>
    <testcase name="testVisibilityForAnotherUserWithAdminAndSubscriberRoleInOtherDomainInPublisher" classname="org.wso2.am.integration.tests.api.lifecycle.APIVisibilityByRoleTestCase" time="0.003"/>
    <testcase name="testVisibilityForAnotherUserWithAdminAndSubscriberRoleInOtherDomainInStore" classname="org.wso2.am.integration.tests.api.lifecycle.APIVisibilityByRoleTestCase" time="0.005"/>
    <testcase name="testVisibilityForAdminWithAdminAndSubscriberRoleInOtherDomainInPublisher" classname="org.wso2.am.integration.tests.api.lifecycle.APIVisibilityByRoleTestCase" time="0.01"/>
    <testcase name="testVisibilityForAdminWithAdminAndSubscriberRoleInOtherDomainInStore" classname="org.wso2.am.integration.tests.api.lifecycle.APIVisibilityByRoleTestCase" time="0.046"/>
    <testcase name="testVisibilityForAnotherUserWithSubscriberRoleInSameDomainInStore" classname="org.wso2.am.integration.tests.api.lifecycle.APIVisibilityByRoleTestCase" time="0.059"/>
    <testcase name="testVisibilityForAnotherUserWithSubscriberRoleInOtherDomainInStore" classname="org.wso2.am.integration.tests.api.lifecycle.APIVisibilityByRoleTestCase" time="0.003"/>
    <testcase name="testVisibilityForAnonymousUserInOtherDomainInStore" classname="org.wso2.am.integration.tests.api.lifecycle.APIVisibilityByRoleTestCase" time="0.018"/>
    <testcase name="testVisibilityForAnonymousUserInSameDomainInStore" classname="org.wso2.am.integration.tests.api.lifecycle.APIVisibilityByRoleTestCase" time="0.012"/>
    <testcase name="testVisibilityForCreatorInStore" classname="org.wso2.am.integration.tests.api.lifecycle.APIVisibilityByRoleTestCase" time="0.02"/>
    <testcase name="testDirectLinkAnonymous" classname="org.wso2.am.integration.tests.api.lifecycle.APIVisibilityWithDirectURLTestCase" time="3.374"/>
    <testcase name="testDirectLink" classname="org.wso2.am.integration.tests.api.lifecycle.APIVisibilityWithDirectURLTestCase" time="0.544"/>
    <testcase name="testDirectLinkWithoutRestrictedRoleUser" classname="org.wso2.am.integration.tests.api.lifecycle.APIVisibilityWithDirectURLTestCase" time="0.364"/>
    <testcase name="testAPICreationInTenant" classname="org.wso2.am.integration.tests.api.lifecycle.APIVisibilityWithDirectURLTestCase" time="3.452"/>
    <testcase name="testDirectLinkInTenantAnonymous" classname="org.wso2.am.integration.tests.api.lifecycle.APIVisibilityWithDirectURLTestCase" time="0.13"/>
    <testcase name="testDirectLinkInTenant" classname="org.wso2.am.integration.tests.api.lifecycle.APIVisibilityWithDirectURLTestCase" time="0.313"/>
    <testcase name="testDirectLinkInTenantWithoutRestrictedRoleUser" classname="org.wso2.am.integration.tests.api.lifecycle.APIVisibilityWithDirectURLTestCase" time="0.217"/>
    <testcase name="testFilterByTagsBeforeTagChange" classname="org.wso2.am.integration.tests.api.lifecycle.ChangeAPITagsTestCase" time="12.029"/>
    <testcase name="testUpdateTagsAndFilterByTags" classname="org.wso2.am.integration.tests.api.lifecycle.ChangeAPITagsTestCase" time="70.832"/>
    <testcase name="testInvokeResourceWithAuthTypeApplicationAndApplicationUser" classname="org.wso2.am.integration.tests.api.lifecycle.ChangeAuthTypeOfResourceTestCase" time="3.989"/>
    <testcase name="testInvokeResourceWithAuthTypeApplication" classname="org.wso2.am.integration.tests.api.lifecycle.ChangeAuthTypeOfResourceTestCase" time="15.996"/>
    <testcase name="testInvokeGETResourceWithAuthTypeApplicationUser" classname="org.wso2.am.integration.tests.api.lifecycle.ChangeAuthTypeOfResourceTestCase" time="16.168"/>
    <testcase name="testInvokeGETResourceWithAuthTypeNone" classname="org.wso2.am.integration.tests.api.lifecycle.ChangeAuthTypeOfResourceTestCase" time="15.941"/>
    <testcase name="testInvokeGETResourceWithSecuredEndPointPasswordOnlyNumbersAndLetters" classname="org.wso2.am.integration.tests.api.lifecycle.ChangeEndPointSecurityOfAPITestCase" time="2.845"/>
    <testcase name="testInvokeGETResourceWithSecuredEndPointComplexPassword" classname="org.wso2.am.integration.tests.api.lifecycle.ChangeEndPointSecurityOfAPITestCase" time="485.029"/>
    <testcase name="testEditAPIInformation" classname="org.wso2.am.integration.tests.api.lifecycle.EditAPIAndCheckUpdatedInformationTestCase" time="18.864"/>
    <testcase name="testUpdatedAPIInformationFromAPIPublisher" classname="org.wso2.am.integration.tests.api.lifecycle.EditAPIAndCheckUpdatedInformationTestCase" time="0.036"/>
    <testcase name="testInvokeAPIBeforeChangeAPIContext" classname="org.wso2.am.integration.tests.api.lifecycle.EditAPIContextAndCheckAccessibilityTestCase" time="2.939"/>
    <testcase name="testEditAPIContext" classname="org.wso2.am.integration.tests.api.lifecycle.EditAPIContextAndCheckAccessibilityTestCase" time="1.051"/>
    <testcase name="testInvokeAPIAfterChangeAPIContextWithOldContext" classname="org.wso2.am.integration.tests.api.lifecycle.EditAPIContextAndCheckAccessibilityTestCase" time="15.024"/>
    <testcase name="testInvokeAPIAfterChangeAPIContextWithNewContext" classname="org.wso2.am.integration.tests.api.lifecycle.EditAPIContextAndCheckAccessibilityTestCase" time="0.052"/>
    <testcase name="testNumberOfUsersInAPIOverview" classname="org.wso2.am.integration.tests.api.lifecycle.UsersAndDocsInAPIOverviewTestCase" time="4.865"/>
    <testcase name="testUsersInformationInUserTabInAPIOverview" classname="org.wso2.am.integration.tests.api.lifecycle.UsersAndDocsInAPIOverviewTestCase" time="0.249"/>
    <testcase name="testDocInformationInDocsTabInAPIOverview" classname="org.wso2.am.integration.tests.api.lifecycle.UsersAndDocsInAPIOverviewTestCase" time="0.827"/>
    <testcase name="testAPIInfoLifecycleTabForPublishedAPI" classname="org.wso2.am.integration.tests.api.lifecycle.RegistryLifeCycleInclusionTest" time="3.286"/>
    <testcase name="testChecklistItemsVisibility" classname="org.wso2.am.integration.tests.api.lifecycle.RegistryLifeCycleInclusionTest" time="1.835"/>
    <testcase name="testLCStateChengeVisibility" classname="org.wso2.am.integration.tests.api.lifecycle.RegistryLifeCycleInclusionTest" time="36.918"/>
    <testcase name="testAPICreationWithVisibility" classname="org.wso2.am.integration.tests.api.lifecycle.APITagVisibilityByRoleTestCase" time="4.948"/>
    <testcase name="testAPICreationWithVisibility" classname="org.wso2.am.integration.tests.api.lifecycle.APITagVisibilityByRoleTestCase" time="4.698"/>
    <testcase name="testAPITagVisibilityAnonymousUser" classname="org.wso2.am.integration.tests.api.lifecycle.APITagVisibilityByRoleTestCase" time="45.369"/>
    <testcase name="testAPITagVisibilityAnonymousUser" classname="org.wso2.am.integration.tests.api.lifecycle.APITagVisibilityByRoleTestCase" time="45.252"/>
    <testcase name="testAPITagVisibilityAuthorisedUser" classname="org.wso2.am.integration.tests.api.lifecycle.APITagVisibilityByRoleTestCase" time="5.19"/>
    <testcase name="testAPITagVisibilityAuthorisedUser" classname="org.wso2.am.integration.tests.api.lifecycle.APITagVisibilityByRoleTestCase" time="5.188"/>
    <testcase name="testAPINewVersionCreation" classname="org.wso2.am.integration.tests.api.lifecycle.NewVersionUpdateTestCase" time="4.82"/>
    <testcase name="testAPINewVersionCreation" classname="org.wso2.am.integration.tests.api.lifecycle.NewVersionUpdateTestCase" time="5.556"/>
    <testcase name="testNewVersionAPIUpdate" classname="org.wso2.am.integration.tests.api.lifecycle.NewVersionUpdateTestCase" time="15.555"/>
    <testcase name="testNewVersionAPIUpdate" classname="org.wso2.am.integration.tests.api.lifecycle.NewVersionUpdateTestCase" time="15.738"/>
    <testcase name="CheckCORSHeadersInPreFlightResponse" classname="org.wso2.am.integration.tests.header.CORSHeadersTestCase" time="0.024"/>
    <testcase name="CheckCORSHeadersInPreFlightResponse" classname="org.wso2.am.integration.tests.header.CORSHeadersTestCase" time="0.021"/>
    <testcase name="CheckCORSHeadersInResponse" classname="org.wso2.am.integration.tests.header.CORSHeadersTestCase" time="0.107"/>
    <testcase name="CheckCORSHeadersInResponse" classname="org.wso2.am.integration.tests.header.CORSHeadersTestCase" time="0.123"/>
    <testcase name="testInvokeAllResources" classname="org.wso2.am.integration.tests.api.lifecycle.APIInvocationWithSimilarResourcesAndDifferentVerbsTestCase" time="2.809"/>
    <testcase name="testAPIInvocationAfterAddingDynamicEndpoint" classname="org.wso2.am.integration.tests.sequence.DefaultEndpointTestCase" time="18.753"/>
    <testcase name="testMalformedPostWithMessageBuilding" classname="org.wso2.am.integration.tests.rest.MalformedRequestTest" time="0.067"/>
    <testcase name="testScriptMediatorWithNullObject" classname="org.wso2.am.integration.tests.other.ScriptMediatorTestCase" time="0.221"/>
    <testcase name="testCustomLifeCycle" classname="org.wso2.am.integration.tests.api.lifecycle.CustomLifeCycleTestCase" time="3.776"/>
    <testcase name="testAPIErrorResponse" classname="org.wso2.am.integration.tests.api.lifecycle.APIMANAGER5337SubscriptionRetainTestCase" time="6.139"/>
    <testcase name="testAPIAccessWithInvalidToken" classname="org.wso2.am.integration.tests.token.InvalidTokenTestCase" time="2.445"/>
    <testcase name="testAPIAccessWithInvalidToken" classname="org.wso2.am.integration.tests.token.InvalidTokenTestCase" time="2.824"/>
    <testcase name="testAPIThrottling_1" classname="org.wso2.am.integration.tests.throttling.APIThrottlingTestCase" time="48.624"/>
    <testcase name="CheckAccessControlAllowCredentialsHeadersWithAnyOrigin" classname="org.wso2.am.integration.tests.header.CORSAccessControlAllowCredentialsHeaderTestCase" time="130.438"/>
    <testcase name="CheckAccessControlAllowCredentialsHeadersWithAnyOrigin" classname="org.wso2.am.integration.tests.header.CORSAccessControlAllowCredentialsHeaderTestCase" time="9.077"/>
    <testcase name="CheckAccessControlAllowCredentialsHeadersWithSpecificOrigin" classname="org.wso2.am.integration.tests.header.CORSAccessControlAllowCredentialsHeaderTestCase" time="140.201"/>
    <testcase name="CheckAccessControlAllowCredentialsHeadersWithSpecificOrigin" classname="org.wso2.am.integration.tests.header.CORSAccessControlAllowCredentialsHeaderTestCase" time="8.098"/>
    <testcase name="testEnableJWTAndClaims" classname="org.wso2.am.integration.tests.jwt.JWTTestCase" time="17.225"/>
    <testcase name="testEnableJWTAndClaims" classname="org.wso2.am.integration.tests.jwt.JWTTestCase" time="8.829"/>
    <testcase name="testAPIAccessWhenJWTCachingEnabledTestCase" classname="org.wso2.am.integration.tests.jwt.JWTTestCase" time="25.878"/>
    <testcase name="testAPIAccessWhenJWTCachingEnabledTestCase" classname="org.wso2.am.integration.tests.jwt.JWTTestCase" time="26.733"/>
    <testcase name="testSpecificUserJWTClaims" classname="org.wso2.am.integration.tests.jwt.JWTTestCase" time="7.288"/>
    <testcase name="testSpecificUserJWTClaims" classname="org.wso2.am.integration.tests.jwt.JWTTestCase" time="6.851"/>
    <testcase name="testPrototypeInvocationWithJWTEnabled" classname="org.wso2.am.integration.tests.jwt.JWTTestCase" time="6.236"/>
    <testcase name="testPrototypeInvocationWithJWTEnabled" classname="org.wso2.am.integration.tests.jwt.JWTTestCase" time="4.415"/>
    <testcase name="testEnableJWTAndClaims" classname="org.wso2.am.integration.tests.jwt.URLSafeJWTTestCase" time="15.601"/>
    <testcase name="testEnableJWTAndClaims" classname="org.wso2.am.integration.tests.jwt.URLSafeJWTTestCase" time="7.635"/>
    <testcase name="testAPIAccessWhenJWTCachingEnabledTestCase" classname="org.wso2.am.integration.tests.jwt.URLSafeJWTTestCase" time="24.958"/>
    <testcase name="testAPIAccessWhenJWTCachingEnabledTestCase" classname="org.wso2.am.integration.tests.jwt.URLSafeJWTTestCase" time="24.249"/>
    <testcase name="testSpecificUserJWTClaims" classname="org.wso2.am.integration.tests.jwt.URLSafeJWTTestCase" time="1.834"/>
    <testcase name="testSpecificUserJWTClaims" classname="org.wso2.am.integration.tests.jwt.URLSafeJWTTestCase" time="1.853"/>
    <testcase name="testGenerateAccessTokenWithOpenIdScope" classname="org.wso2.am.integration.tests.token.OpenIDTokenAPITestCase" time="0.388"/>
    <testcase name="testGenerateAccessTokenWithOpenIdScope" classname="org.wso2.am.integration.tests.token.OpenIDTokenAPITestCase" time="0.679"/>
    <testcase name="testCallUserInfoApiWithOpenIdAccessToken" classname="org.wso2.am.integration.tests.token.OpenIDTokenAPITestCase" time="0.176"/>
    <testcase name="testCallUserInfoApiWithOpenIdAccessToken" classname="org.wso2.am.integration.tests.token.OpenIDTokenAPITestCase" time="0.046"/>
    <testcase name="testSetScopeToResourceTestCase" classname="org.wso2.am.integration.tests.other.APIScopeTestCase" time="25.066"/>
    <testcase name="testSetScopeToResourceTestCase" classname="org.wso2.am.integration.tests.other.APIScopeTestCase" time="22.245"/>
    <testcase name="testCopyApiWithScopes" classname="org.wso2.am.integration.tests.other.APIScopeTestCase" time="7.189"/>
    <testcase name="testCopyApiWithScopes" classname="org.wso2.am.integration.tests.other.APIScopeTestCase" time="5.838"/>
    <testcase name="testUpdateApiWithScopes" classname="org.wso2.am.integration.tests.other.APIScopeTestCase" time="1.315"/>
    <testcase name="testUpdateApiWithScopes" classname="org.wso2.am.integration.tests.other.APIScopeTestCase" time="2.007"/>
    <testcase name="testAPICreation" classname="org.wso2.am.integration.tests.other.APIEndpointTypeUpdateTestCase" time="4.15"/>
    <testcase name="testHTTPTransportBeforeUpdate" classname="org.wso2.am.integration.tests.other.APIEndpointTypeUpdateTestCase" time="0.439"/>
    <testcase name="testUpdatedHTTPTransport" classname="org.wso2.am.integration.tests.other.APIEndpointTypeUpdateTestCase" time="16.673"/>
    <testcase name="testUpdatedHTTPSTransport" classname="org.wso2.am.integration.tests.other.APIEndpointTypeUpdateTestCase" time="16.317"/>
    <testcase name="testAPICreationTenant" classname="org.wso2.am.integration.tests.other.APIEndpointTypeUpdateTestCase" time="3.304"/>
    <testcase name="testHTTPTransportBeforeUpdateInTenant" classname="org.wso2.am.integration.tests.other.APIEndpointTypeUpdateTestCase" time="0.286"/>
    <testcase name="testUpdatedHTTPTransportTenant" classname="org.wso2.am.integration.tests.other.APIEndpointTypeUpdateTestCase" time="16.32"/>
    <testcase name="testUpdatedHTTPSTransportTenant" classname="org.wso2.am.integration.tests.other.APIEndpointTypeUpdateTestCase" time="16.294"/>
    <testcase name="testAPICreation" classname="org.wso2.am.integration.tests.other.APIImportExportTestCase" time="3.12"/>
    <testcase name="testAPICreation" classname="org.wso2.am.integration.tests.other.APIImportExportTestCase" time="3.09"/>
    <testcase name="testAPIExport" classname="org.wso2.am.integration.tests.other.APIImportExportTestCase" time="0.337"/>
    <testcase name="testAPIExport" classname="org.wso2.am.integration.tests.other.APIImportExportTestCase" time="0.473"/>
    <testcase name="testAPIImport" classname="org.wso2.am.integration.tests.other.APIImportExportTestCase" time="2.168"/>
    <testcase name="testAPIImport" classname="org.wso2.am.integration.tests.other.APIImportExportTestCase" time="1.905"/>
    <testcase name="testAPIState" classname="org.wso2.am.integration.tests.other.APIImportExportTestCase" time="0.087"/>
    <testcase name="testAPIState" classname="org.wso2.am.integration.tests.other.APIImportExportTestCase" time="0.089"/>
    <testcase name="testNewAPICreation" classname="org.wso2.am.integration.tests.other.APIImportExportTestCase" time="3.467"/>
    <testcase name="testNewAPICreation" classname="org.wso2.am.integration.tests.other.APIImportExportTestCase" time="3.321"/>
    <testcase name="testNewAPIInvoke" classname="org.wso2.am.integration.tests.other.APIImportExportTestCase" time="0.794"/>
    <testcase name="testNewAPIInvoke" classname="org.wso2.am.integration.tests.other.APIImportExportTestCase" time="0.561"/>
    <testcase name="testNewAPIExport" classname="org.wso2.am.integration.tests.other.APIImportExportTestCase" time="0.164"/>
    <testcase name="testNewAPIExport" classname="org.wso2.am.integration.tests.other.APIImportExportTestCase" time="0.193"/>
    <testcase name="testNewAPIImport" classname="org.wso2.am.integration.tests.other.APIImportExportTestCase" time="1.701"/>
    <testcase name="testNewAPIImport" classname="org.wso2.am.integration.tests.other.APIImportExportTestCase" time="2.152"/>
    <testcase name="testNewAPIState" classname="org.wso2.am.integration.tests.other.APIImportExportTestCase" time="0.079"/>
    <testcase name="testNewAPIState" classname="org.wso2.am.integration.tests.other.APIImportExportTestCase" time="0.084"/>
    <testcase name="testNewAPIInvokeAfterImport" classname="org.wso2.am.integration.tests.other.APIImportExportTestCase" time="2.224"/>
    <testcase name="testNewAPIInvokeAfterImport" classname="org.wso2.am.integration.tests.other.APIImportExportTestCase" time="2.589"/>
    <testcase name="testPreserveProviderTrueAPICreation" classname="org.wso2.am.integration.tests.other.APIImportExportTestCase" time="2.637"/>
    <testcase name="testPreserveProviderTrueAPICreation" classname="org.wso2.am.integration.tests.other.APIImportExportTestCase" time="2.836"/>
    <testcase name="testPreserveProviderTrueApiExport" classname="org.wso2.am.integration.tests.other.APIImportExportTestCase" time="0.794"/>
    <testcase name="testPreserveProviderTrueApiExport" classname="org.wso2.am.integration.tests.other.APIImportExportTestCase" time="0.798"/>
    <testcase name="testPreserveProviderTrueSameProviderApiImport" classname="org.wso2.am.integration.tests.other.APIImportExportTestCase" time="2.751"/>
    <testcase name="testPreserveProviderTrueSameProviderApiImport" classname="org.wso2.am.integration.tests.other.APIImportExportTestCase" time="2.879"/>
    <testcase name="testPreserveProviderFalseAPICreation" classname="org.wso2.am.integration.tests.other.APIImportExportTestCase" time="3.696"/>
    <testcase name="testPreserveProviderFalseAPICreation" classname="org.wso2.am.integration.tests.other.APIImportExportTestCase" time="3.111"/>
    <testcase name="testPreserveProviderFalseApiExport" classname="org.wso2.am.integration.tests.other.APIImportExportTestCase" time="0.803"/>
    <testcase name="testPreserveProviderFalseApiExport" classname="org.wso2.am.integration.tests.other.APIImportExportTestCase" time="1.067"/>
    <testcase name="testPreserveProviderFalseSameProviderApiImport" classname="org.wso2.am.integration.tests.other.APIImportExportTestCase" time="2.84"/>
    <testcase name="testPreserveProviderFalseSameProviderApiImport" classname="org.wso2.am.integration.tests.other.APIImportExportTestCase" time="3.217"/>
    <testcase name="testApiCreation" classname="org.wso2.am.integration.tests.other.InvalidAuthTokenLargePayloadTestCase" time="2.405"/>
    <testcase name="testApiCreation" classname="org.wso2.am.integration.tests.other.InvalidAuthTokenLargePayloadTestCase" time="2.532"/>
    <testcase name="testApiInvocation" classname="org.wso2.am.integration.tests.other.InvalidAuthTokenLargePayloadTestCase" time="0.262"/>
    <testcase name="testApiInvocation" classname="org.wso2.am.integration.tests.other.InvalidAuthTokenLargePayloadTestCase" time="0.34"/>
    <testcase name="testAPICreation" classname="org.wso2.am.integration.tests.other.APISearchAPIByTagTestCase" time="5.478"/>
    <testcase name="testAPICreation" classname="org.wso2.am.integration.tests.other.APISearchAPIByTagTestCase" time="6.443"/>
    <testcase name="testAPISearchByTag" classname="org.wso2.am.integration.tests.other.APISearchAPIByTagTestCase" time="0.215"/>
    <testcase name="testAPISearchByTag" classname="org.wso2.am.integration.tests.other.APISearchAPIByTagTestCase" time="6.531"/>
    <testcase name="testAPISearchByTagGroup" classname="org.wso2.am.integration.tests.other.APISearchAPIByTagTestCase" time="21.194"/>
    <testcase name="testAPISearchByTagGroup" classname="org.wso2.am.integration.tests.other.APISearchAPIByTagTestCase" time="12.056"/>
    <testcase name="testURITemplateExpandWithEscapedPercentEncoding" classname="org.wso2.am.integration.tests.rest.UriTemplateReservedCharacterEncodingTest" time="0.413"/>
    <testcase name="testURITemplateExpandWithEscapedPercentEncodingPathParam" classname="org.wso2.am.integration.tests.rest.UriTemplateReservedCharacterEncodingTest" time="0.102"/>
    <testcase name="testURITemplateExpandWithPercentEncoding" classname="org.wso2.am.integration.tests.rest.UriTemplateReservedCharacterEncodingTest" time="0.064"/>
    <testcase name="testURITemplateExpandWithPercentEncodingPathParamCase" classname="org.wso2.am.integration.tests.rest.UriTemplateReservedCharacterEncodingTest" time="0.064"/>
    <testcase name="testURITemplateParameterDecodingPlusCharacterCase" classname="org.wso2.am.integration.tests.rest.UriTemplateReservedCharacterEncodingTest" time="0.102"/>
    <testcase name="testURITemplateParameterDecodingSpaceCharacterCase" classname="org.wso2.am.integration.tests.rest.UriTemplateReservedCharacterEncodingTest" time="0.079"/>
    <testcase name="testURITemplateParameterDecodingTrailingPercentageCase" classname="org.wso2.am.integration.tests.rest.UriTemplateReservedCharacterEncodingTest" time="0.064"/>
    <testcase name="testURITemplateParameterDecodingWithPercentEncodingEscapedAtExpansion" classname="org.wso2.am.integration.tests.rest.UriTemplateReservedCharacterEncodingTest" time="0.052"/>
    <testcase name="testURITemplateSpecialCaseVariableWithFullURL" classname="org.wso2.am.integration.tests.rest.UriTemplateReservedCharacterEncodingTest" time="0.089"/>
    <testcase name="APIInvocationFailure" classname="org.wso2.am.integration.tests.other.APIInvocationFailureTestCase" time="6.618"/>
    <testcase name="APIInvocationFailure" classname="org.wso2.am.integration.tests.other.APIInvocationFailureTestCase" time="3.84"/>
    <testcase name="testSetScopeToResourceTestCase" classname="org.wso2.am.integration.tests.resources.APIResourceModificationTestCase" time="4.994"/>
    <testcase name="testSetScopeToResourceTestCase" classname="org.wso2.am.integration.tests.resources.APIResourceModificationTestCase" time="5.927"/>
    <testcase name="testApplication" classname="org.wso2.am.integration.tests.other.DAOTestCase" time="0.017"/>
    <testcase name="testApplication" classname="org.wso2.am.integration.tests.other.DAOTestCase" time="0.011"/>
    <testcase name="testApplicationOperations" classname="org.wso2.am.integration.tests.other.DAOTestCase" time="0"/>
    <testcase name="testApplicationOperations" classname="org.wso2.am.integration.tests.other.DAOTestCase" time="0.005"/>
    <testcase name="testDAOTestCase" classname="org.wso2.am.integration.tests.other.DAOTestCase" time="6.878"/>
    <testcase name="testDAOTestCase" classname="org.wso2.am.integration.tests.other.DAOTestCase" time="7.027"/>
    <testcase name="testDefaultVersionAPI" classname="org.wso2.am.integration.tests.version.DefaultVersionAPITestCase" time="4.659"/>
    <testcase name="testDefaultVersionAPI" classname="org.wso2.am.integration.tests.version.DefaultVersionAPITestCase" time="4.419"/>
    <testcase name="LoginWithEmailUserNameTestCase" classname="org.wso2.am.integration.tests.login.EmailUserNameLoginTestCase" time="20.872"/>
    <testcase name="testDigestAuthentication" classname="org.wso2.am.integration.tests.other.DigestAuthenticationTestCase" time="12.169"/>
    <testcase name="testHttpPatchSupport" classname="org.wso2.am.integration.tests.other.HttpPATCHSupportTestCase" time="5.103"/>
    <testcase name="testRefreshTokenAPITestCase" classname="org.wso2.am.integration.tests.token.RefreshTokenTestCase" time="9.467"/>
    <testcase name="testRefreshTokenAPITestCase" classname="org.wso2.am.integration.tests.token.RefreshTokenTestCase" time="10.483"/>
    <testcase name="testTagsRatingCommentTestCase" classname="org.wso2.am.integration.tests.other.TagsRatingCommentTestCase" time="4.618"/>
    <testcase name="testTagsRatingCommentTestCase" classname="org.wso2.am.integration.tests.other.TagsRatingCommentTestCase" time="3.395"/>
    <testcase name="throttlingTestCase" classname="org.wso2.am.integration.tests.throttling.ThrottlingTestCase" time="2.137"/>
    <testcase name="throttlingTestCase" classname="org.wso2.am.integration.tests.throttling.ThrottlingTestCase" time="2.136"/>
    <testcase name="testInvokingAPIWithOldThrottleUsingWSClient" classname="org.wso2.am.integration.tests.api.lifecycle.InvokeAPIUsingOldThrottlingWithWSClient" time="14.954"/>
    <testcase name="testJWTTokenAPITestCase" classname="org.wso2.am.integration.tests.token.TokenAPITestCase" time="23.248"/>
    <testcase name="testJWTTokenAPITestCase" classname="org.wso2.am.integration.tests.token.TokenAPITestCase" time="14.799"/>
    <testcase name="testTokenAPITestCase" classname="org.wso2.am.integration.tests.token.TokenAPITestCase" time="11.66"/>
    <testcase name="testTokenAPITestCase" classname="org.wso2.am.integration.tests.token.TokenAPITestCase" time="9.592"/>
    <testcase name="testTokenEqualityBeforeExpiration" classname="org.wso2.am.integration.tests.token.TokenAPITestCase" time="0.394"/>
    <testcase name="testTokenEqualityBeforeExpiration" classname="org.wso2.am.integration.tests.token.TokenAPITestCase" time="0.831"/>
    <testcase name="testRESTURITemplate" classname="org.wso2.am.integration.tests.rest.URLMappingRESTTestCase" time="0.013"/>
    <testcase name="testRESTURITemplate" classname="org.wso2.am.integration.tests.rest.URLMappingRESTTestCase" time="0.012"/>
    <testcase name="checkEndpointValidation" classname="org.wso2.am.integration.tests.other.APIMANAGER2611EndpointValidationTestCase" time="2.023"/>
    <testcase name="checkEndpointValidation" classname="org.wso2.am.integration.tests.other.APIMANAGER2611EndpointValidationTestCase" time="0.735"/>
    <testcase name="testAPIWithLocationHeader" classname="org.wso2.am.integration.tests.other.LocationHeaderTestCase" time="3.405"/>
    <testcase name="testAPIWithRelativeUrlLocationHeader" classname="org.wso2.am.integration.tests.other.RelativeUrlLocationHeaderTestCase" time="3.467"/>
    <testcase name="testAPIProvider" classname="org.wso2.am.integration.tests.hostobject.HostObjectTestCase" time="0"/>
    <testcase name="testAPIProvider" classname="org.wso2.am.integration.tests.hostobject.HostObjectTestCase" time="0"/>
    <testcase name="testApplication" classname="org.wso2.am.integration.tests.hostobject.HostObjectTestCase" time="0"/>
    <testcase name="testApplication" classname="org.wso2.am.integration.tests.hostobject.HostObjectTestCase" time="0"/>
    <testcase name="testApplicationOperations" classname="org.wso2.am.integration.tests.hostobject.HostObjectTestCase" time="0"/>
    <testcase name="testApplicationOperations" classname="org.wso2.am.integration.tests.hostobject.HostObjectTestCase" time="0"/>
    <testcase name="testHostObjectTestCase" classname="org.wso2.am.integration.tests.hostobject.HostObjectTestCase" time="17.491"/>
    <testcase name="testHostObjectTestCase" classname="org.wso2.am.integration.tests.hostobject.HostObjectTestCase" time="16.203"/>
    <testcase name="testPagination" classname="org.wso2.am.integration.tests.other.APIMANAGER4081PaginationCountTestCase" time="309.011"/>
    <testcase name="testPaginationWithMultipleStatus" classname="org.wso2.am.integration.tests.rest.SearchPaginatedAPIsWithMultipleStatusTestCase" time="65.916"/>
    <testcase name="testDuplicateTransferEncodingPropertyTest" classname="org.wso2.am.integration.tests.header.APIMANAGER3614DuplicateTransferEncodingHeaderTestCase" time="0.038"/>
    <testcase name="testPreserveCharsetInContentTypeHeader" classname="org.wso2.am.integration.tests.header.ESBJAVA3447PreserveCharsetInContentTypeTestCase" time="0.023"/>
    <testcase name="swaggerResourceOrderTest" classname="org.wso2.am.integration.tests.other.APIM4765ResourceOrderInSwagger" time="4.477"/>
    <testcase name="testValidateAddAPIsWithDifferentCase" classname="org.wso2.am.integration.tests.other.APIMANAGER3226APINameWithDifferentCaseTestCase" time="0.633"/>
    <testcase name="testValidateAddAPIsWithDifferentCase" classname="org.wso2.am.integration.tests.other.APIMANAGER3226APINameWithDifferentCaseTestCase" time="0.741"/>
    <testcase name="testOpenAlreadySavedAPIAndDeployedAsAPrototyped" classname="org.wso2.am.integration.tests.prototype.APIM24VisibilityOfPrototypedAPIOfDifferentViewInStoreTestCase" time="24.369"/>
    <testcase name="testPrototypedAPIVisibilityInGeneralAPI" classname="org.wso2.am.integration.tests.prototype.APIM24VisibilityOfPrototypedAPIOfDifferentViewInStoreTestCase" time="0.111"/>
    <testcase name="testPrototypedAPIVisibilityInRecentlyAddedList" classname="org.wso2.am.integration.tests.prototype.APIM24VisibilityOfPrototypedAPIOfDifferentViewInStoreTestCase" time="0.026"/>
    <testcase name="testTagsOfPrototypedAPIVisibilityInTagList" classname="org.wso2.am.integration.tests.prototype.APIM24VisibilityOfPrototypedAPIOfDifferentViewInStoreTestCase" time="0.091"/>
    <testcase name="testCreateAnAPIThroughThePublisherRest" classname="org.wso2.am.integration.tests.publisher.APIM18CreateAnAPIThroughThePublisherRestAPITestCase" time="1.486"/>
    <testcase name="testRemoveAnAPIThroughThePublisherRest" classname="org.wso2.am.integration.tests.publisher.APIM18CreateAnAPIThroughThePublisherRestAPITestCase" time="0.321"/>
    <testcase name="testGetAllTheAPICreatedThroughThePublisherRestAPI" classname="org.wso2.am.integration.tests.publisher.APIM534GetAllTheAPIsCreatedThroughThePublisherRestAPITestCase" time="1.09"/>
    <testcase name="testGetAllTheAPICreatedThroughThePublisherRestAPI" classname="org.wso2.am.integration.tests.publisher.APIM534GetAllTheAPIsCreatedThroughThePublisherRestAPITestCase" time="1.056"/>
    <testcase name="testGetAllTheAPICreatedThroughThePublisherRestAPI" classname="org.wso2.am.integration.tests.publisher.APIM534GetAllTheAPIsCreatedThroughThePublisherRestAPITestCase" time="1.266"/>
    <testcase name="testCheckIfAnAPIExistsThroughThePublisherRestAPI" classname="org.wso2.am.integration.tests.publisher.APIM534GetAllTheAPIsCreatedThroughThePublisherRestAPITestCase" time="0.012"/>
    <testcase name="testCreateAnApiUsingValidDataAndGetThroughThePublisherRest" classname="org.wso2.am.integration.tests.publisher.APIM570CheckIfAnOlderVersionOfTheAPIExistsThroughThePublisherRestAPITestCase" time="0.721"/>
    <testcase name="testCheckIfAnOlderVersionOfTheAPIExistsThroughThePublisherRestAPI" classname="org.wso2.am.integration.tests.publisher.APIM570CheckIfAnOlderVersionOfTheAPIExistsThroughThePublisherRestAPITestCase" time="1.45"/>
    <testcase name="testCheckIfAnOlderVersionOfTheAPIExistsThroughThePublisherRestAPI" classname="org.wso2.am.integration.tests.publisher.APIM570CheckIfAnOlderVersionOfTheAPIExistsThroughThePublisherRestAPITestCase" time="1.452"/>
    <testcase name="testCreateAnAPIThroughThePublisherRest" classname="org.wso2.am.integration.tests.publisher.APIM574ChangeTheStatusOfAnAPIToPrototypedThroughThePublisherRestAPITestCase" time="0.668"/>
    <testcase name="testChangeTheStatusOfTheAPIToPrototyped" classname="org.wso2.am.integration.tests.publisher.APIM574ChangeTheStatusOfAnAPIToPrototypedThroughThePublisherRestAPITestCase" time="1.687"/>
    <testcase name="testChangeTheStatusOfTheAPIToPublished" classname="org.wso2.am.integration.tests.publisher.APIM574ChangeTheStatusOfAnAPIToPrototypedThroughThePublisherRestAPITestCase" time="1.874"/>
    <testcase name="testChangeTheStatusOfTheAPIToDeprecated" classname="org.wso2.am.integration.tests.publisher.APIM574ChangeTheStatusOfAnAPIToPrototypedThroughThePublisherRestAPITestCase" time="1.682"/>
    <testcase name="testChangeTheStatusOfTheAPIToRetired" classname="org.wso2.am.integration.tests.publisher.APIM574ChangeTheStatusOfAnAPIToPrototypedThroughThePublisherRestAPITestCase" time="1.698"/>
    <testcase name="testAddDocumentToAnAPIHowToInline" classname="org.wso2.am.integration.tests.publisher.APIM611AddDocumentationToAnAPIWithDocTypeHowToThroughPublisherRestAPITestCase" time="0.831"/>
    <testcase name="testAddDocumentToAnAPIHowToUrl" classname="org.wso2.am.integration.tests.publisher.APIM611AddDocumentationToAnAPIWithDocTypeHowToThroughPublisherRestAPITestCase" time="0.1"/>
    <testcase name="testAddDocumentToAnAPISDKInline" classname="org.wso2.am.integration.tests.publisher.APIM620AddDocumentationToAnAPIWithDocTypeSampleAndSDKThroughPublisherRestAPITestCase" time="0.777"/>
    <testcase name="testAddDocumentToAnAPISDKUrl" classname="org.wso2.am.integration.tests.publisher.APIM620AddDocumentationToAnAPIWithDocTypeSampleAndSDKThroughPublisherRestAPITestCase" time="0.095"/>
    <testcase name="testAddDocumentToAnAPIOtherInline" classname="org.wso2.am.integration.tests.publisher.APIM627AddDocumentationToAnAPIWithDocTypeOtherThroughPublisherRestAPITestCase" time="1.078"/>
    <testcase name="testAddDocumentToAnAPIOtherUrl" classname="org.wso2.am.integration.tests.publisher.APIM627AddDocumentationToAnAPIWithDocTypeOtherThroughPublisherRestAPITestCase" time="0.098"/>
    <testcase name="testRemoveDocumentationOtherTheAPI" classname="org.wso2.am.integration.tests.publisher.APIM627AddDocumentationToAnAPIWithDocTypeOtherThroughPublisherRestAPITestCase" time="0.16"/>
    <testcase name="testApiCreation" classname="org.wso2.am.integration.tests.publisher.APIM614AddDocumentationToAnAPIWithDocTypeSampleAndSDKThroughPublisherRestAPITestCase" time="1.234"/>
    <testcase name="testApiCreation" classname="org.wso2.am.integration.tests.publisher.APIM614AddDocumentationToAnAPIWithDocTypeSampleAndSDKThroughPublisherRestAPITestCase" time="0.61"/>
    <testcase name="testAddDocumentToAnAPIHowToFile" classname="org.wso2.am.integration.tests.publisher.APIM614AddDocumentationToAnAPIWithDocTypeSampleAndSDKThroughPublisherRestAPITestCase" time="0.261"/>
    <testcase name="testAddDocumentToAnAPIHowToFile" classname="org.wso2.am.integration.tests.publisher.APIM614AddDocumentationToAnAPIWithDocTypeSampleAndSDKThroughPublisherRestAPITestCase" time="0.261"/>
    <testcase name="testAddDocumentToAnAPISDKToFile" classname="org.wso2.am.integration.tests.publisher.APIM614AddDocumentationToAnAPIWithDocTypeSampleAndSDKThroughPublisherRestAPITestCase" time="0.241"/>
    <testcase name="testAddDocumentToAnAPISDKToFile" classname="org.wso2.am.integration.tests.publisher.APIM614AddDocumentationToAnAPIWithDocTypeSampleAndSDKThroughPublisherRestAPITestCase" time="0.215"/>
    <testcase name="testAddDocumentToAnAPIPublicToFile" classname="org.wso2.am.integration.tests.publisher.APIM614AddDocumentationToAnAPIWithDocTypeSampleAndSDKThroughPublisherRestAPITestCase" time="0.222"/>
    <testcase name="testAddDocumentToAnAPIPublicToFile" classname="org.wso2.am.integration.tests.publisher.APIM614AddDocumentationToAnAPIWithDocTypeSampleAndSDKThroughPublisherRestAPITestCase" time="0.214"/>
    <testcase name="testAddDocumentToAnAPISupportToFile" classname="org.wso2.am.integration.tests.publisher.APIM614AddDocumentationToAnAPIWithDocTypeSampleAndSDKThroughPublisherRestAPITestCase" time="0.431"/>
    <testcase name="testAddDocumentToAnAPISupportToFile" classname="org.wso2.am.integration.tests.publisher.APIM614AddDocumentationToAnAPIWithDocTypeSampleAndSDKThroughPublisherRestAPITestCase" time="0.245"/>
    <testcase name="testAddDocumentToAnAPIOtherFile" classname="org.wso2.am.integration.tests.publisher.APIM614AddDocumentationToAnAPIWithDocTypeSampleAndSDKThroughPublisherRestAPITestCase" time="0.275"/>
    <testcase name="testAddDocumentToAnAPIOtherFile" classname="org.wso2.am.integration.tests.publisher.APIM614AddDocumentationToAnAPIWithDocTypeSampleAndSDKThroughPublisherRestAPITestCase" time="0.215"/>
    <testcase name="testVisibilityInPrototypedAPI" classname="org.wso2.am.integration.tests.prototype.APIM23VisibilityOfPrototypedAPIInStoreTestCase" time="19.306"/>
    <testcase name="testInvalidStoreLogin" classname="org.wso2.am.integration.tests.publisher.APIM16LoginToTheAPIPublisherThroughThePublisherRestAPITestCase" time="0.051"/>
    <testcase name="testInvalidStoreLogin" classname="org.wso2.am.integration.tests.publisher.APIM16LoginToTheAPIPublisherThroughThePublisherRestAPITestCase" time="0.052"/>
    <testcase name="testInvalidStoreLogin" classname="org.wso2.am.integration.tests.publisher.APIM16LoginToTheAPIPublisherThroughThePublisherRestAPITestCase" time="0.048"/>
    <testcase name="testInvalidStoreLogin" classname="org.wso2.am.integration.tests.publisher.APIM16LoginToTheAPIPublisherThroughThePublisherRestAPITestCase" time="0.045"/>
    <testcase name="testInvalidStoreLogin" classname="org.wso2.am.integration.tests.publisher.APIM16LoginToTheAPIPublisherThroughThePublisherRestAPITestCase" time="0.045"/>
    <testcase name="testInvalidStoreLogin" classname="org.wso2.am.integration.tests.publisher.APIM16LoginToTheAPIPublisherThroughThePublisherRestAPITestCase" time="0.046"/>
    <testcase name="testPublisherLoginAndLogoutForValidCredentials" classname="org.wso2.am.integration.tests.publisher.APIM16LoginToTheAPIPublisherThroughThePublisherRestAPITestCase" time="0.122"/>
    <testcase name="testPublisherLoginAndLogoutForValidCredentials" classname="org.wso2.am.integration.tests.publisher.APIM16LoginToTheAPIPublisherThroughThePublisherRestAPITestCase" time="0.146"/>
    <testcase name="testPublisherLoginAndLogoutForValidCredentials" classname="org.wso2.am.integration.tests.publisher.APIM16LoginToTheAPIPublisherThroughThePublisherRestAPITestCase" time="0.345"/>
    <testcase name="testPublisherLoginAndLogoutForValidCredentials" classname="org.wso2.am.integration.tests.publisher.APIM16LoginToTheAPIPublisherThroughThePublisherRestAPITestCase" time="0.163"/>
    <testcase name="testAPICreationWithInvalidContext" classname="org.wso2.am.integration.tests.publisher.APIMANAGER5834APICreationWithInvalidInputsTestCase" time="0.022"/>
    <testcase name="testAPICreationWithInvalidContext" classname="org.wso2.am.integration.tests.publisher.APIMANAGER5834APICreationWithInvalidInputsTestCase" time="0.004"/>
    <testcase name="testCreateAnAPIThroughThePublisherRestWithoutAction" classname="org.wso2.am.integration.tests.publisher.APIM514CreateAnAPIWithoutProvidingMandatoryFieldsTestCase" time="0.016"/>
    <testcase name="testCreateAnAPIThroughThePublisherRestWithoutAction" classname="org.wso2.am.integration.tests.publisher.APIM514CreateAnAPIWithoutProvidingMandatoryFieldsTestCase" time="0.006"/>
    <testcase name="testCreateAnAPIThroughThePublisherRestWithoutContext" classname="org.wso2.am.integration.tests.publisher.APIM514CreateAnAPIWithoutProvidingMandatoryFieldsTestCase" time="0.007"/>
    <testcase name="testCreateAnAPIThroughThePublisherRestWithoutContext" classname="org.wso2.am.integration.tests.publisher.APIM514CreateAnAPIWithoutProvidingMandatoryFieldsTestCase" time="0.007"/>
    <testcase name="testCreateAnAPIThroughThePublisherRestWithoutName" classname="org.wso2.am.integration.tests.publisher.APIM514CreateAnAPIWithoutProvidingMandatoryFieldsTestCase" time="0.005"/>
    <testcase name="testCreateAnAPIThroughThePublisherRestWithoutName" classname="org.wso2.am.integration.tests.publisher.APIM514CreateAnAPIWithoutProvidingMandatoryFieldsTestCase" time="0.005"/>
    <testcase name="testCreateAnAPIThroughThePublisherRestWithoutTierAvailability" classname="org.wso2.am.integration.tests.publisher.APIM514CreateAnAPIWithoutProvidingMandatoryFieldsTestCase" time="0.008"/>
    <testcase name="testCreateAnAPIThroughThePublisherRestWithoutTierAvailability" classname="org.wso2.am.integration.tests.publisher.APIM514CreateAnAPIWithoutProvidingMandatoryFieldsTestCase" time="0.005"/>
    <testcase name="testCreateAnAPIThroughThePublisherRestWithoutVersion" classname="org.wso2.am.integration.tests.publisher.APIM514CreateAnAPIWithoutProvidingMandatoryFieldsTestCase" time="0.01"/>
    <testcase name="testCreateAnAPIThroughThePublisherRestWithoutVersion" classname="org.wso2.am.integration.tests.publisher.APIM514CreateAnAPIWithoutProvidingMandatoryFieldsTestCase" time="0.007"/>
    <testcase name="testCreateAnAPIThroughThePublisherRest" classname="org.wso2.am.integration.tests.publisher.APIM519CreateAnAPIThroughTheRestAPIWithoutLoggingInTestCase" time="0.015"/>
    <testcase name="testUpdateAnAPIThroughThePublisherRest" classname="org.wso2.am.integration.tests.publisher.APIM520UpdateAnAPIThroughThePublisherRestAPITestCase" time="16.919"/>
    <testcase name="testUpdateAnAPIThroughThePublisherRest" classname="org.wso2.am.integration.tests.publisher.APIM520UpdateAnAPIThroughThePublisherRestAPITestCase" time="16.628"/>
    <testcase name="testCopyAnAPIToANewerVersionThroughThePublisherRest" classname="org.wso2.am.integration.tests.publisher.APIM548CopyAnAPIToANewerVersionThroughThePublisherRestAPITestCase" time="2.481"/>
    <testcase name="testAddDocumentToAnAPIPublicInline" classname="org.wso2.am.integration.tests.publisher.APIM623AddDocumentationToAnAPIWithDocTypePublicForumThroughPublisherRestAPITestCase" time="2.004"/>
    <testcase name="testAddDocumentToAnAPISupportInline" classname="org.wso2.am.integration.tests.publisher.APIM625AddDocumentationToAnAPIWithDocTypeSupportForumThroughPublisherRestAPITestCase" time="0.782"/>
    <testcase name="testGetAllTheThrottlingTiers" classname="org.wso2.am.integration.tests.publisher.APIM634GetAllTheThrottlingTiersFromThePublisherRestAPITestCase" time="0.023"/>
    <testcase name="testValidateTheRoleOfAnExistingUser" classname="org.wso2.am.integration.tests.publisher.APIM638ValidateTheRoleOfAnExistingUserThroughThePublisherRestAPITestCase" time="0.012"/>
    <testcase name="testValidateTheRoleOfAnNonExistingUser" classname="org.wso2.am.integration.tests.publisher.APIM638ValidateTheRoleOfAnExistingUserThroughThePublisherRestAPITestCase" time="0.006"/>
    <testcase name="testAPIwithResourceTemplateForAPI" classname="org.wso2.am.integration.tests.publisher.APIResourceWithTemplateTestCase" time="2.563"/>
    <testcase name="testAPIwithResourceTemplateForAPI" classname="org.wso2.am.integration.tests.publisher.APIResourceWithTemplateTestCase" time="2.675"/>
    <testcase name="testAPIwithResourceTemplateForDefaultAPI" classname="org.wso2.am.integration.tests.publisher.APIResourceWithTemplateTestCase" time="2.71"/>
    <testcase name="testAPIwithResourceTemplateForDefaultAPI" classname="org.wso2.am.integration.tests.publisher.APIResourceWithTemplateTestCase" time="3.172"/>
    <testcase name="testUriEncodingInTemplate" classname="org.wso2.am.integration.tests.publisher.APIResourceWithTemplateTestCase" time="19.121"/>
    <testcase name="testUriEncodingInTemplate" classname="org.wso2.am.integration.tests.publisher.APIResourceWithTemplateTestCase" time="19.261"/>
    <testcase name="testParameterTampaeredResponseOfDocAPI" classname="org.wso2.am.integration.tests.rest.DocAPIParameterTamperingTest" time="0.072"/>
    <testcase name="testAPIAdditionWithAccessControlRestriction" classname="org.wso2.am.integration.tests.other.PublisherAccessControlTestCase" time="1.048"/>
    <testcase name="testAPIAdditionWithoutAccessControlRestriction" classname="org.wso2.am.integration.tests.other.PublisherAccessControlTestCase" time="1.623"/>
    <testcase name="testCheckPublisherRoleCanViewRestrictedVisibilityAPIs" classname="org.wso2.am.integration.tests.other.PublisherAccessControlTestCase" time="2.596"/>
    <testcase name="testGetPublicAPIFromStoreWithRestrictedPublisherAccess" classname="org.wso2.am.integration.tests.other.PublisherAccessControlTestCase" time="3.135"/>
    <testcase name="testPublisherAndStoreRestricted" classname="org.wso2.am.integration.tests.other.PublisherAccessControlTestCase" time="24.074"/>
    <testcase name="testAllSubscriptionsByAppName" classname="org.wso2.am.integration.tests.other.APIM710AllSubscriptionsByApplicationTestCase" time="0.023"/>
    <testcase name="testRemoveSubscriptionByAppId" classname="org.wso2.am.integration.tests.other.APIM710AllSubscriptionsByApplicationTestCase" time="2.044"/>
    <testcase name="testRemoveSubscriptionByAppName" classname="org.wso2.am.integration.tests.other.APIM710AllSubscriptionsByApplicationTestCase" time="9.112"/>
    <testcase name="testApplicationCreation" classname="org.wso2.am.integration.tests.other.APIM678ApplicationCreationTestCase" time="0.023"/>
    <testcase name="testApplicationCreation" classname="org.wso2.am.integration.tests.other.APIM678ApplicationCreationTestCase" time="0.018"/>
    <testcase name="testApplicationCreation" classname="org.wso2.am.integration.tests.other.APIM678ApplicationCreationTestCase" time="0.016"/>
    <testcase name="testApplicationCreation" classname="org.wso2.am.integration.tests.other.APIM678ApplicationCreationTestCase" time="0.016"/>
    <testcase name="testApplicationCreation" classname="org.wso2.am.integration.tests.other.APIM678ApplicationCreationTestCase" time="0.022"/>
    <testcase name="testApplicationCreation" classname="org.wso2.am.integration.tests.other.APIM678ApplicationCreationTestCase" time="0.016"/>
    <testcase name="testApplicationCreation" classname="org.wso2.am.integration.tests.other.APIM678ApplicationCreationTestCase" time="0.015"/>
    <testcase name="testApplicationCreation" classname="org.wso2.am.integration.tests.other.APIM678ApplicationCreationTestCase" time="0.042"/>
    <testcase name="getAllCreatedApplications" classname="org.wso2.am.integration.tests.other.APIM678ApplicationCreationTestCase" time="0.012"/>
    <testcase name="getAllCreatedApplications" classname="org.wso2.am.integration.tests.other.APIM678ApplicationCreationTestCase" time="0.011"/>
    <testcase name="testAlreadyCreatedApplication" classname="org.wso2.am.integration.tests.other.APIM678ApplicationCreationTestCase" time="0.006"/>
    <testcase name="testAlreadyCreatedApplication" classname="org.wso2.am.integration.tests.other.APIM678ApplicationCreationTestCase" time="0.014"/>
    <testcase name="testUpdateApplication" classname="org.wso2.am.integration.tests.other.APIM678ApplicationCreationTestCase" time="0.204"/>
    <testcase name="testUpdateApplication" classname="org.wso2.am.integration.tests.other.APIM678ApplicationCreationTestCase" time="0.118"/>
    <testcase name="testCreateApiWithBothProdAndSandboxEndpoints" classname="org.wso2.am.integration.tests.other.LoadBalancedEndPointTestCase" time="2.473"/>
    <testcase name="testRoundRobinAlgorithmInProductionAndSandboxEndpoints" classname="org.wso2.am.integration.tests.other.LoadBalancedEndPointTestCase" time="80.87"/>
    <testcase name="testCreateApiWithDifferentProductionEndpoints" classname="org.wso2.am.integration.tests.other.LoadBalancedEndPointTestCase" time="3.219"/>
    <testcase name="testRoundRobinAlgorithmInProductionEndpoints" classname="org.wso2.am.integration.tests.other.LoadBalancedEndPointTestCase" time="80.439"/>
    <testcase name="getAllEndpointUrlsTest" classname="org.wso2.am.integration.tests.other.APIM720GetAllEndPointsTestCase" time="0.053"/>
    <testcase name="addCommentTest" classname="org.wso2.am.integration.tests.other.APIM720GetAllEndPointsTestCase" time="0.033"/>
    <testcase name="testAPICreationWithOutCorsConfiguration" classname="org.wso2.am.integration.tests.other.APIMANAGER3965TestCase" time="2.954"/>
    <testcase name="testAPICreationWithOutCorsConfiguration" classname="org.wso2.am.integration.tests.other.APIMANAGER3965TestCase" time="3.262"/>
    <testcase name="testAPICreationWithCorsConfiguration" classname="org.wso2.am.integration.tests.other.APIMANAGER3965TestCase" time="16.022"/>
    <testcase name="testAPICreationWithCorsConfiguration" classname="org.wso2.am.integration.tests.other.APIMANAGER3965TestCase" time="16.261"/>
    <testcase name="testApplicationCreation" classname="org.wso2.am.integration.tests.application.AuthApplicationUpdateTestCase" time="1.138"/>
    <testcase name="testApplicationCreation" classname="org.wso2.am.integration.tests.application.AuthApplicationUpdateTestCase" time="0.331"/>
    <testcase name="testApplicationUpdate" classname="org.wso2.am.integration.tests.application.AuthApplicationUpdateTestCase" time="0.108"/>
    <testcase name="testApplicationUpdate" classname="org.wso2.am.integration.tests.application.AuthApplicationUpdateTestCase" time="0.096"/>
    <testcase name="testApplicationGrantTypeAfterUpdate" classname="org.wso2.am.integration.tests.application.AuthApplicationUpdateTestCase" time="0.032"/>
    <testcase name="testApplicationGrantTypeAfterUpdate" classname="org.wso2.am.integration.tests.application.AuthApplicationUpdateTestCase" time="0.026"/>
    <testcase name="testApplicationNameUpdateAfterKeyGeneration" classname="org.wso2.am.integration.tests.application.AuthApplicationUpdateTestCase" time="2.401"/>
    <testcase name="testApplicationNameUpdateAfterKeyGeneration" classname="org.wso2.am.integration.tests.application.AuthApplicationUpdateTestCase" time="3.137"/>
    <testcase name="testSubscriptionAfterApplicationNameUpdate" classname="org.wso2.am.integration.tests.application.AuthApplicationUpdateTestCase" time="0.037"/>
    <testcase name="testSubscriptionAfterApplicationNameUpdate" classname="org.wso2.am.integration.tests.application.AuthApplicationUpdateTestCase" time="0.025"/>
    <testcase name="testAPICreation" classname="org.wso2.am.integration.tests.application.GrantTypeTokenGenerateTestCase" time="2.351"/>
    <testcase name="testAPICreation" classname="org.wso2.am.integration.tests.application.GrantTypeTokenGenerateTestCase" time="2.37"/>
    <testcase name="testApplicationCreation" classname="org.wso2.am.integration.tests.application.GrantTypeTokenGenerateTestCase" time="0.83"/>
    <testcase name="testApplicationCreation" classname="org.wso2.am.integration.tests.application.GrantTypeTokenGenerateTestCase" time="0.339"/>
    <testcase name="testAuthCode" classname="org.wso2.am.integration.tests.application.GrantTypeTokenGenerateTestCase" time="0.865"/>
    <testcase name="testAuthCode" classname="org.wso2.am.integration.tests.application.GrantTypeTokenGenerateTestCase" time="0.492"/>
    <testcase name="testImplicit" classname="org.wso2.am.integration.tests.application.GrantTypeTokenGenerateTestCase" time="0.387"/>
    <testcase name="testImplicit" classname="org.wso2.am.integration.tests.application.GrantTypeTokenGenerateTestCase" time="0.304"/>
    <testcase name="testApplicationCreationWithoutCallBackURL" classname="org.wso2.am.integration.tests.application.GrantTypeTokenGenerateTestCase" time="0.973"/>
    <testcase name="testApplicationCreationWithoutCallBackURL" classname="org.wso2.am.integration.tests.application.GrantTypeTokenGenerateTestCase" time="0.264"/>
    <testcase name="testAuthRequestWithoutCallbackURL" classname="org.wso2.am.integration.tests.application.GrantTypeTokenGenerateTestCase" time="0.062"/>
    <testcase name="testAuthRequestWithoutCallbackURL" classname="org.wso2.am.integration.tests.application.GrantTypeTokenGenerateTestCase" time="0.061"/>
    <testcase name="testApplicationUpdateAndTestKeyGeneration" classname="org.wso2.am.integration.tests.application.GrantTypeTokenGenerateTestCase" time="1.561"/>
    <testcase name="testApplicationUpdateAndTestKeyGeneration" classname="org.wso2.am.integration.tests.application.GrantTypeTokenGenerateTestCase" time="0.828"/>
    <testcase name="testApplicationCreation" classname="org.wso2.am.integration.tests.application.APIMANAGER3706ApplicationUpdateTestCase" time="0.244"/>
    <testcase name="testApplicationCreation" classname="org.wso2.am.integration.tests.application.APIMANAGER3706ApplicationUpdateTestCase" time="0.28"/>
    <testcase name="testApplicationUpdate" classname="org.wso2.am.integration.tests.application.APIMANAGER3706ApplicationUpdateTestCase" time="0.103"/>
    <testcase name="testApplicationUpdate" classname="org.wso2.am.integration.tests.application.APIMANAGER3706ApplicationUpdateTestCase" time="0.093"/>
    <testcase name="testApplicationNameUpdateAfterKeyGeneration" classname="org.wso2.am.integration.tests.application.APIMANAGER3706ApplicationUpdateTestCase" time="0.026"/>
    <testcase name="testApplicationNameUpdateAfterKeyGeneration" classname="org.wso2.am.integration.tests.application.APIMANAGER3706ApplicationUpdateTestCase" time="0.04"/>
    <testcase name="testRegenerateConsumerSecret" classname="org.wso2.am.integration.tests.application.APIMANAGER3706ApplicationUpdateTestCase" time="0.022"/>
    <testcase name="testRegenerateConsumerSecret" classname="org.wso2.am.integration.tests.application.APIMANAGER3706ApplicationUpdateTestCase" time="0.013"/>
    <testcase name="copyApiNewVersion" classname="org.wso2.am.integration.tests.other.CopyNewVersionTestCase" time="1.238"/>
    <testcase name="copyApiNewVersion" classname="org.wso2.am.integration.tests.other.CopyNewVersionTestCase" time="1.264"/>
    <testcase name="setDefaultVersionToNewcopy" classname="org.wso2.am.integration.tests.other.NewCopyWithDefaultVersion" time="1.889"/>
    <testcase name="setDefaultVersionToNewcopy" classname="org.wso2.am.integration.tests.other.NewCopyWithDefaultVersion" time="1.296"/>
    <testcase name="copySameVersion" classname="org.wso2.am.integration.tests.other.SameVersionAPITestCase" time="1.076"/>
    <testcase name="copySameVersion" classname="org.wso2.am.integration.tests.other.SameVersionAPITestCase" time="0.58"/>
    <testcase name="generateApplicationKeyWithoutScope" classname="org.wso2.am.integration.tests.other.APIM684GenerateApplicationKeyTestCase" time="3.441"/>
    <testcase name="testApplicationCreationForInvalidData" classname="org.wso2.am.integration.tests.other.APIM678ApplicationCreationTestCase" time="0.013"/>
    <testcase name="testApplicationCreationForInvalidData" classname="org.wso2.am.integration.tests.other.APIM678ApplicationCreationTestCase" time="0.024"/>
    <testcase name="testApplicationCreationForInvalidData" classname="org.wso2.am.integration.tests.other.APIM678ApplicationCreationTestCase" time="0.011"/>
    <testcase name="testApplicationCreationForInvalidData" classname="org.wso2.am.integration.tests.other.APIM678ApplicationCreationTestCase" time="0.013"/>
    <testcase name="testApplicationCreationForInvalidData" classname="org.wso2.am.integration.tests.other.APIM678ApplicationCreationTestCase" time="0.027"/>
    <testcase name="testApplicationCreationForInvalidData" classname="org.wso2.am.integration.tests.other.APIM678ApplicationCreationTestCase" time="0.01"/>
    <testcase name="testApplicationCreationWithCustomAttributes" classname="org.wso2.am.integration.tests.other.APIM678ApplicationCreationTestCase" time="0.292"/>
    <testcase name="testApplicationCreationWithCustomAttributes" classname="org.wso2.am.integration.tests.other.APIM678ApplicationCreationTestCase" time="0.025"/>
    <testcase name="testRemoveApplication" classname="org.wso2.am.integration.tests.other.APIM678ApplicationCreationTestCase" time="0.054"/>
    <testcase name="testRemoveApplication" classname="org.wso2.am.integration.tests.other.APIM678ApplicationCreationTestCase" time="0.057"/>
    <testcase name="testAllDocuments" classname="org.wso2.am.integration.tests.other.APIM714GetAllDocumentationTestCase" time="0.031"/>
    <testcase name="testAllDocuments" classname="org.wso2.am.integration.tests.other.APIM714GetAllDocumentationTestCase" time="0.026"/>
    <testcase name="testInvalidStoreLogin" classname="org.wso2.am.integration.tests.other.APIM641StoreApiTestCase" time="0.031"/>
    <testcase name="testInvalidStoreLogin" classname="org.wso2.am.integration.tests.other.APIM641StoreApiTestCase" time="0.024"/>
    <testcase name="testInvalidStoreLogin" classname="org.wso2.am.integration.tests.other.APIM641StoreApiTestCase" time="0.024"/>
    <testcase name="testInvalidStoreLogin" classname="org.wso2.am.integration.tests.other.APIM641StoreApiTestCase" time="0.025"/>
    <testcase name="testInvalidStoreLogin" classname="org.wso2.am.integration.tests.other.APIM641StoreApiTestCase" time="0.031"/>
    <testcase name="testInvalidUserSignUp" classname="org.wso2.am.integration.tests.other.APIM641StoreApiTestCase" time="0.021"/>
    <testcase name="testInvalidUserSignUp" classname="org.wso2.am.integration.tests.other.APIM641StoreApiTestCase" time="0.448"/>
    <testcase name="testUserSignUp" classname="org.wso2.am.integration.tests.other.APIM641StoreApiTestCase" time="0.543"/>
    <testcase name="testUserSignUp" classname="org.wso2.am.integration.tests.other.APIM641StoreApiTestCase" time="0.553"/>
    <testcase name="testUserSignUp" classname="org.wso2.am.integration.tests.other.APIM641StoreApiTestCase" time="0.561"/>
    <testcase name="testUserSignUp" classname="org.wso2.am.integration.tests.other.APIM641StoreApiTestCase" time="0.56"/>
    <testcase name="testValidStoreLoginAndLogout" classname="org.wso2.am.integration.tests.other.APIM641StoreApiTestCase" time="0.064"/>
    <testcase name="testValidStoreLoginAndLogout" classname="org.wso2.am.integration.tests.other.APIM641StoreApiTestCase" time="0.121"/>
    <testcase name="testValidStoreLoginAndLogout" classname="org.wso2.am.integration.tests.other.APIM641StoreApiTestCase" time="0.069"/>
    <testcase name="testValidStoreLoginAndLogout" classname="org.wso2.am.integration.tests.other.APIM641StoreApiTestCase" time="0.133"/>
    <testcase name="testAPIRoleChangeEffectInStore" classname="org.wso2.am.integration.tests.other.APIMANAGER4373BrokenAPIInStoreTestCase" time="22.054"/>
    <testcase name="testGetAllSubscriptions" classname="org.wso2.am.integration.tests.other.APIMANAGER4480AllSubscriptionsByApplicationTestCase" time="0.124"/>
    <testcase name="testGetAllSubscriptionsOfApplication" classname="org.wso2.am.integration.tests.other.APIMANAGER4480AllSubscriptionsByApplicationTestCase" time="0.133"/>
    <testcase name="testGetAllSubscriptionsOfApplicationWithSelectedApp" classname="org.wso2.am.integration.tests.other.APIMANAGER4480AllSubscriptionsByApplicationTestCase" time="0.034"/>
    <testcase name="testAPIErrorResponse" classname="org.wso2.am.integration.tests.other.ErrorResponseCheckTestCase" time="2.922"/>
    <testcase name="testAPIErrorResponse" classname="org.wso2.am.integration.tests.other.APIMANAGER5326CustomStatusMsgTestCase" time="3.548"/>
    <testcase name="testSDKGeneration" classname="org.wso2.am.integration.tests.api.sdk.SDKGenerationTestCase" time="12.969"/>
    <testcase name="testSDKGenerationForPrivateAPIs" classname="org.wso2.am.integration.tests.api.sdk.SDKGenerationTestCase" time="2.504"/>
    <testcase name="callBackUrlUpdateTestCase" classname="org.wso2.am.integration.tests.application.CAPIMGT12CallBackURLOverwriteTestCase" time="0.826"/>
    <testcase name="changePasswordWithInvalidSession" classname="org.wso2.am.integration.tests.other.StoreChangePasswordTestCase" time="0.013"/>
    <testcase name="testKeyGenerationResponseContainsGrantTypesAndCallback" classname="org.wso2.am.integration.tests.restapi.GIT_1628_OAuthAppUpdateViaRestApiTestCase" time="0.374"/>
    <testcase name="testKeyGenerationResponseContainsGrantTypesAndCallback" classname="org.wso2.am.integration.tests.restapi.GIT_1628_OAuthAppUpdateViaRestApiTestCase" time="0.705"/>
    <testcase name="testTokenGenerationWithClientCredentialsGrant" classname="org.wso2.am.integration.tests.restapi.GIT_1628_OAuthAppUpdateViaRestApiTestCase" time="0.083"/>
    <testcase name="testTokenGenerationWithClientCredentialsGrant" classname="org.wso2.am.integration.tests.restapi.GIT_1628_OAuthAppUpdateViaRestApiTestCase" time="0.064"/>
    <testcase name="testTokenGenerationWithPasswordGrant" classname="org.wso2.am.integration.tests.restapi.GIT_1628_OAuthAppUpdateViaRestApiTestCase" time="0.058"/>
    <testcase name="testTokenGenerationWithPasswordGrant" classname="org.wso2.am.integration.tests.restapi.GIT_1628_OAuthAppUpdateViaRestApiTestCase" time="0.058"/>
    <testcase name="testUpdateGrantTypesAndCallback" classname="org.wso2.am.integration.tests.restapi.GIT_1628_OAuthAppUpdateViaRestApiTestCase" time="0.325"/>
    <testcase name="testUpdateGrantTypesAndCallback" classname="org.wso2.am.integration.tests.restapi.GIT_1628_OAuthAppUpdateViaRestApiTestCase" time="0.313"/>
    <testcase name="testGetGrantTypesAndCallback" classname="org.wso2.am.integration.tests.restapi.GIT_1628_OAuthAppUpdateViaRestApiTestCase" time="0.069"/>
    <testcase name="testGetGrantTypesAndCallback" classname="org.wso2.am.integration.tests.restapi.GIT_1628_OAuthAppUpdateViaRestApiTestCase" time="0.068"/>
    <testcase name="testGetApplicationAndCheckKeys" classname="org.wso2.am.integration.tests.restapi.GIT_1628_OAuthAppUpdateViaRestApiTestCase" time="0.079"/>
    <testcase name="testGetApplicationAndCheckKeys" classname="org.wso2.am.integration.tests.restapi.GIT_1628_OAuthAppUpdateViaRestApiTestCase" time="0.067"/>
    <testcase name="testKeyGenerationWithoutGrantTypesNorCallback" classname="org.wso2.am.integration.tests.restapi.GIT_1628_OAuthAppUpdateViaRestApiTestCase" time="0.26"/>
    <testcase name="testKeyGenerationWithoutGrantTypesNorCallback" classname="org.wso2.am.integration.tests.restapi.GIT_1628_OAuthAppUpdateViaRestApiTestCase" time="0.265"/>
    <testcase name="testAPIs" classname="org.wso2.am.integration.tests.restapi.testcases.APITestCase" time="6.613"/>
    <testcase name="testEnvironment" classname="org.wso2.am.integration.tests.restapi.testcases.EnvironmentTestCase" time="3.331"/>
    <testcase name="testApplications" classname="org.wso2.am.integration.tests.restapi.testcases.ApplicationTestCase" time="2.867"/>
    <testcase name="testRegenerateConsumerSecret" classname="org.wso2.am.integration.tests.restapi.testcases.ApplicationRegenerateConsumerSecretTestCase" time="2.754"/>
    <testcase name="testCreateAPIWithScopesAndUpdate" classname="org.wso2.am.integration.tests.restapi.testcases.APIMANAGER4877CreateAPIWithScopesAndUpdateTemplateTestCase" time="4.491"/>
    <testcase name="testUpdateAPIwhichHasThumbnail" classname="org.wso2.am.integration.tests.restapi.testcases.APIMANAGER5872UpdateAPIWithoutThumbnailValueAndAPISummaryTestCase" time="4.458"/>
    <testcase name="testChangeLifeCycleToPublish" classname="org.wso2.am.integration.tests.restapi.GIT_1638_UrlEncodedApiNameTestCase" time="1.892"/>
    <testcase name="testChangeLifeCycleToPublish" classname="org.wso2.am.integration.tests.restapi.GIT_1638_UrlEncodedApiNameTestCase" time="1.173"/>
    <testcase name="testGetApiDetailFromPublisher" classname="org.wso2.am.integration.tests.restapi.GIT_1638_UrlEncodedApiNameTestCase" time="0.448"/>
    <testcase name="testGetApiDetailFromPublisher" classname="org.wso2.am.integration.tests.restapi.GIT_1638_UrlEncodedApiNameTestCase" time="0.401"/>
    <testcase name="testGetApplicationScope" classname="org.wso2.am.integration.tests.restapi.testcases.ApplicationScopeValidationTestCase" time="5.14"/>
    <testcase name="testApplications" classname="org.wso2.am.integration.tests.restapi.testcases.ApplicationWithCustomAttributesTestCase" time="2.388"/>
    <testcase name="testAPIInvocationBeforeAddingNewMediation" classname="org.wso2.am.integration.tests.api.lifecycle.AddNewMediationAndInvokeAPITestCase" time="3.563"/>
    <testcase name="testAPIInvocationAfterAddingNewMediation" classname="org.wso2.am.integration.tests.api.lifecycle.AddNewMediationAndInvokeAPITestCase" time="16.557"/>
    <testcase name="testAPIInvocationBeforeRemovingNewMediation" classname="org.wso2.am.integration.tests.api.lifecycle.AddNewMediationAndInvokeAPITestCase" time="17.018"/>
    <testcase name="testAPICreation" classname="org.wso2.am.integration.tests.websocket.APIMANAGER5869WSGayewatURLTestCase" time="2.955"/>
    <testcase name="testAPICreation" classname="org.wso2.am.integration.tests.websocket.APIMANAGER5869WSGayewatURLTestCase" time="2.902"/>
    <testcase name="publishWebSocketAPI" classname="org.wso2.am.integration.tests.websocket.APIMANAGER5869WSGayewatURLTestCase" time="48.187"/>
    <testcase name="publishWebSocketAPI" classname="org.wso2.am.integration.tests.websocket.APIMANAGER5869WSGayewatURLTestCase" time="48.51"/>
    <testcase name="testApiGatewayUrlsTest" classname="org.wso2.am.integration.tests.websocket.APIMANAGER5869WSGayewatURLTestCase" time="0.65"/>
    <testcase name="testApiGatewayUrlsTest" classname="org.wso2.am.integration.tests.websocket.APIMANAGER5869WSGayewatURLTestCase" time="0.545"/>
    <testcase name="testApiGatewayUrlsAfterConfigChangeTest" classname="org.wso2.am.integration.tests.websocket.APIMANAGER5869WSGayewatURLTestCase" time="137.567"/>
    <testcase name="testApiGatewayUrlsAfterConfigChangeTest" classname="org.wso2.am.integration.tests.websocket.APIMANAGER5869WSGayewatURLTestCase" time="2.616"/>
    <testcase name="publishWebSocketAPI" classname="org.wso2.am.integration.tests.websocket.WebSocketAPITestCase" time="50.565"/>
    <testcase name="publishWebSocketAPI" classname="org.wso2.am.integration.tests.websocket.WebSocketAPITestCase" time="50.933"/>
    <testcase name="testWebSocketAPIApplicationSubscription" classname="org.wso2.am.integration.tests.websocket.WebSocketAPITestCase" time="0.978"/>
    <testcase name="testWebSocketAPIApplicationSubscription" classname="org.wso2.am.integration.tests.websocket.WebSocketAPITestCase" time="0.125"/>
    <testcase name="testWebSocketAPIInvocation" classname="org.wso2.am.integration.tests.websocket.WebSocketAPITestCase" time="3.846"/>
    <testcase name="testWebSocketAPIInvocation" classname="org.wso2.am.integration.tests.websocket.WebSocketAPITestCase" time="1.698"/>
    <testcase name="testWebSocketAPIThrottling" classname="org.wso2.am.integration.tests.websocket.WebSocketAPITestCase" time="12.883"/>
    <testcase name="testWebSocketAPIThrottling" classname="org.wso2.am.integration.tests.websocket.WebSocketAPITestCase" time="12.065"/>
    <testcase name="testWebSocketAPIInvalidTokenInvocation" classname="org.wso2.am.integration.tests.websocket.WebSocketAPITestCase" time="30.022"/>
    <testcase name="testWebSocketAPIInvalidTokenInvocation" classname="org.wso2.am.integration.tests.websocket.WebSocketAPITestCase" time="30.015"/>
    <testcase name="testAPIStateChangeAndApproveWorkflow" classname="org.wso2.am.integration.tests.other.APIStateChangeWorkflowTestCase" time="12.592"/>
    <testcase name="testAPIStateChangeAndRejectWorkflow" classname="org.wso2.am.integration.tests.other.APIStateChangeWorkflowTestCase" time="1.307"/>
    <testcase name="testWorkflowCallbackRestAPI" classname="org.wso2.am.integration.tests.other.APIStateChangeWorkflowTestCase" time="0.308"/>
    <testcase name="notificationTestCase" classname="org.wso2.am.integration.tests.other.NotificationTestCase" time="10.211"/>
    <testcase name="jsonToXmlTestCase" classname="org.wso2.am.integration.tests.json.ESBJAVA3380TestCase" time="0.083"/>
    <testcase name="jsonToXmlTestCase" classname="org.wso2.am.integration.tests.json.ESBJAVA3380TestCase" time="0.021"/>
    <testcase name="testTokenEncryptionWithScopes" classname="org.wso2.am.integration.tests.other.TokenEncryptionScopeTestCase" time="7.283"/>
    <testcase name="testAPICreationWithWSDL" classname="org.wso2.am.integration.tests.other.APIMANAGER5843WSDLHostnameTestCase" time="2.57"/>
    <testcase name="testAPICreationWithWSDL" classname="org.wso2.am.integration.tests.other.APIMANAGER5843WSDLHostnameTestCase" time="1.391"/>
    <testcase name="nullPointerAfterTimeoutTest" classname="org.wso2.am.integration.tests.other.APIM4312NPEAfterRequestTimeoutTestCase" time="80.082"/>
    <testcase name="nullPointerAfterTimeoutTest" classname="org.wso2.am.integration.tests.other.APIM4312NPEAfterRequestTimeoutTestCase" time="80.076"/>
    <testcase name="testAPIWithLocationHeader" classname="org.wso2.am.integration.tests.other.GIT2231HeadRequestNPEErrorTestCase" time="0.032"/>
    <testcase name="testInvokingWithGoldTier" classname="org.wso2.am.integration.tests.api.lifecycle.ChangeAPITierAndTestInvokingTestCase" time="17.028"/>
    <testcase name="testInvokingAfterExpireThrottleExpireTime" classname="org.wso2.am.integration.tests.api.lifecycle.ChangeAPITierAndTestInvokingTestCase" time="65.046"/>
    <testcase name="testEditAPITierToSilver" classname="org.wso2.am.integration.tests.api.lifecycle.ChangeAPITierAndTestInvokingTestCase" time="17.631"/>
    <testcase name="testInvokingWithSilverTier" classname="org.wso2.am.integration.tests.api.lifecycle.ChangeAPITierAndTestInvokingTestCase" time="65.823"/>
    <testcase name="testAvailabilityOfTiersInPermissionPageBeforeChangeTiersXML" classname="org.wso2.am.integration.tests.api.lifecycle.EditTiersXMLAndVerifyInPublisherTestCase" time="4.472"/>
    <testcase name="testAvailabilityOfTiersInAPIManagePageBeforeChangeTiersXML" classname="org.wso2.am.integration.tests.api.lifecycle.EditTiersXMLAndVerifyInPublisherTestCase" time="1.006"/>
    <testcase name="testAvailabilityOfTiersInPermissionPageAfterChangeTiersXML" classname="org.wso2.am.integration.tests.api.lifecycle.EditTiersXMLAndVerifyInPublisherTestCase" time="1.065"/>
    <testcase name="testAvailabilityOfTiersInAPIManagePageAfterChangeTiersXML" classname="org.wso2.am.integration.tests.api.lifecycle.EditTiersXMLAndVerifyInPublisherTestCase" time="0.677"/>
    <testcase name="testSubscription" classname="org.wso2.am.integration.tests.restapi.testcases.SubscriptionTestCase" time="10.334"/>
    <testcase name="testSubscription" classname="org.wso2.am.integration.tests.restapi.testcases.MultipleSubscriptionsTestCase" time="8.764"/>
    <testcase name="testAPITags" classname="org.wso2.am.integration.tests.restapi.testcases.TagTestCase" time="4.471"/>
    <testcase name="testTiers" classname="org.wso2.am.integration.tests.restapi.testcases.TierTestCase" time="2.786"/>
    <testcase name="testAPILifecycle" classname="org.wso2.am.integration.tests.restapi.testcases.APILifecycleTestCase" time="7.39"/>
    <testcase name="testSubscription" classname="org.wso2.am.integration.tests.restapi.testcases.OnHoldSubscriptionWorkflowIdTestCase" time="5.753"/>
</testsuite>