<?xml version="1.0" encoding="UTF-8"?>
<testsuite name="TestSuite" time="2.61" tests="6" errors="0" skipped="0" failures="0">
    <properties>
[...]
</properties>
    <testcase name="testPrintSummary" classname="org.wso2.testgrid.core.TestPlanExecutorTest" time="0.09"/>
    <testcase name="testExecute" classname="org.wso2.testgrid.core.command.GenerateTestPlanCommandTest" time="0.901"/>
    <testcase name="testExecute" classname="org.wso2.testgrid.core.command.GenerateTestPlanCommandTest" time="0.026"/>
    <testcase name="testExecute" classname="org.wso2.testgrid.core.command.RunTestPlanCommandTest" time="1.465"/>
    <testcase name="testExecute" classname="org.wso2.testgrid.core.command.RunTestPlanCommandTest" time="0.105"/>
    <testcase name="testGetCombinations" classname="org.wso2.testgrid.infrastructure.InfrastructureCombinationsProviderTest" time="0.023"/>
    <testcase name="testValidateAddAPIsWithDifferentCase" classname="org.wso2.am.integration.tests.other.APIMANAGER3226APINameWithDifferentCaseTestCase" time="0">
        <skipped/>
        <system-out><![CDATA[INFO  [org.wso2.carbon.automation.engine.testlisteners.TestManagerListener] - =================== Running the test method org.wso2.am.integration.tests.other.APIMANAGER3226APINameWithDifferentCaseTestCase.testValidateAddAPIsWithDifferentCase ===================
]]></system-out>
    </testcase>
    <testcase name="destroy" classname="org.wso2.am.integration.tests.other.APIMANAGER3226APINameWithDifferentCaseTestCase" time="9.081">
        <failure type="org.wso2.am.integration.test.utils.APIManagerIntegrationTestException">org.wso2.am.integration.test.utils.APIManagerIntegrationTestException: Unable to get API - echo. Error: Read timed out
            at java.net.SocketInputStream.socketRead0(Native Method)
            at java.net.SocketInputStream.socketRead(SocketInputStream.java:116)
            at java.net.SocketInputStream.read(SocketInputStream.java:171)
            at java.net.SocketInputStream.read(SocketInputStream.java:141)
            at org.apache.http.impl.io.SessionInputBufferImpl.streamRead(SessionInputBufferImpl.java:136)
            at org.apache.http.impl.io.SessionInputBufferImpl.fillBuffer(SessionInputBufferImpl.java:152)
            at org.apache.http.impl.io.SessionInputBufferImpl.readLine(SessionInputBufferImpl.java:270)
            at org.apache.http.impl.conn.DefaultHttpResponseParser.parseHead(DefaultHttpResponseParser.java:140)
            at org.apache.http.impl.conn.DefaultHttpResponseParser.parseHead(DefaultHttpResponseParser.java:57)
            at org.apache.http.impl.io.AbstractMessageParser.parse(AbstractMessageParser.java:260)
            at org.apache.http.impl.DefaultBHttpClientConnection.receiveResponseHeader(DefaultBHttpClientConnection.java:161)
            at sun.reflect.GeneratedMethodAccessor10.invoke(Unknown Source)
            at sun.reflect.DelegatingMethodAccessorImpl.invoke(DelegatingMethodAccessorImpl.java:43)
            at java.lang.reflect.Method.invoke(Method.java:498)
            at org.apache.http.impl.conn.CPoolProxy.invoke(CPoolProxy.java:138)
            at com.sun.proxy.$Proxy10.receiveResponseHeader(Unknown Source)
            at org.apache.http.protocol.HttpRequestExecutor.doReceiveResponse(HttpRequestExecutor.java:271)
            at org.apache.http.protocol.HttpRequestExecutor.execute(HttpRequestExecutor.java:123)
            at org.apache.http.impl.execchain.MainClientExec.execute(MainClientExec.java:253)
            at org.apache.http.impl.execchain.ProtocolExec.execute(ProtocolExec.java:194)
            at org.apache.http.impl.execchain.RetryExec.execute(RetryExec.java:85)
            at org.apache.http.impl.client.InternalHttpClient.doExecute(InternalHttpClient.java:186)
            at org.apache.http.impl.client.CloseableHttpClient.execute(CloseableHttpClient.java:82)
            at org.apache.http.impl.client.CloseableHttpClient.execute(CloseableHttpClient.java:106)
            at org.wso2.am.integration.test.utils.http.HTTPSClientUtils.sendPOSTMessage(HTTPSClientUtils.java:210)
            at org.wso2.am.integration.test.utils.http.HTTPSClientUtils.doPost(HTTPSClientUtils.java:78)
            at org.wso2.am.integration.test.utils.http.HTTPSClientUtils.doPost(HTTPSClientUtils.java:150)
            at org.wso2.am.integration.test.utils.clients.APIPublisherRestClient.deleteAPI(APIPublisherRestClient.java:238)
            at org.wso2.am.integration.tests.other.APIMANAGER3226APINameWithDifferentCaseTestCase.destroy(APIMANAGER3226APINameWithDifferentCaseTestCase.java:98)
        </failure>
        <system-out><![CDATA[INFO  [org.wso2.carbon.automation.engine.testlisteners.TestManagerListener] - =================== On test success org.wso2.am.integration.tests.other.APIMANAGER3226APINameWithDifferentCaseTestCase.testValidateAddAPIsWithDifferentCase ===================
INFO  [org.wso2.carbon.automation.extensions.servers.utils.ServerLogReader] - [2018-07-17 19:43:51,139]  INFO - DependencyTracker Sequence : _auth_failure_handler_ was added to the Synapse configuration successfully
INFO  [org.wso2.carbon.automation.extensions.servers.utils.ServerLogReader] - [2018-07-17 19:43:51,139]  INFO - SequenceDeployer Sequence: _auth_failure_handler_ has been updated from the file: /opt/wso2/workspace/product-apim/modules/integration/tests-integration/tests-backend/target/carbontmp1531852456771/wso2am-2.5.0/repository/deployment/server/synapse-configs/default/sequences/_auth_failure_handler_.xml
INFO  [org.wso2.carbon.automation.extensions.servers.utils.ServerLogReader] - [2018-07-17 19:43:51,251]  INFO - CarbonAuthenticationUtil 'admin@carbon.super [-1234]' logged in at [2018-07-17 19:43:51,251+0000]
INFO  [org.wso2.carbon.automation.extensions.servers.utils.ServerLogReader] - [2018-07-17 19:43:53,142]  INFO - DependencyTracker Sequence : _build_ was added to the Synapse configuration successfully
INFO  [org.wso2.carbon.automation.extensions.servers.utils.ServerLogReader] - [2018-07-17 19:43:53,142]  INFO - SequenceDeployer Sequence: _build_ has been updated from the file: /opt/wso2/workspace/product-apim/modules/integration/tests-integration/tests-backend/target/carbontmp1531852456771/wso2am-2.5.0/repository/deployment/server/synapse-configs/default/sequences/_build_.xml
INFO  [org.wso2.carbon.automation.extensions.servers.utils.ServerLogReader] - [2018-07-17 19:43:55,143]  INFO - DependencyTracker Sequence : _production_key_error_ was added to the Synapse configuration successfully
INFO  [org.wso2.carbon.automation.extensions.servers.utils.ServerLogReader] - [2018-07-17 19:43:55,143]  INFO - SequenceDeployer Sequence: _production_key_error_ has been updated from the file: /opt/wso2/workspace/product-apim/modules/integration/tests-integration/tests-backend/target/carbontmp1531852456771/wso2am-2.5.0/repository/deployment/server/synapse-configs/default/sequences/_production_key_error_.xml
INFO  [org.wso2.carbon.automation.extensions.servers.utils.ServerLogReader] - [2018-07-17 19:43:57,144]  INFO - DependencyTracker Sequence : _resource_mismatch_handler_ was added to the Synapse configuration successfully
INFO  [org.wso2.carbon.automation.extensions.servers.utils.ServerLogReader] - [2018-07-17 19:43:57,144]  INFO - SequenceDeployer Sequence: _resource_mismatch_handler_ has been updated from the file: /opt/wso2/workspace/product-apim/modules/integration/tests-integration/tests-backend/target/carbontmp1531852456771/wso2am-2.5.0/repository/deployment/server/synapse-configs/default/sequences/_resource_mismatch_handler_.xml
]]></system-out>
    </testcase>
    <testcase name="destroy" classname="org.wso2.am.integration.tests.other.APIMANAGER3226APINameWithDifferentCaseTestCase" time="0.001">
        <failure message="Access token response contains errors. expected:&lt;false&gt; but was:&lt;true&gt;" type="java.lang.AssertionError">java.lang.AssertionError: Access token response contains errors. expected:&lt;false&gt; but was:&lt;true&gt;
            at org.testng.Assert.fail(Assert.java:89)
            at org.testng.Assert.failNotEquals(Assert.java:489)
            at org.testng.Assert.assertFalse(Assert.java:58)
            at org.wso2.identity.integration.test.oauth2.OAuth2IDTokenEncryptionTestCase.testAuthCodeGrantSendGetTokensPost(OAuth2IDTokenEncryptionTestCase.java:253)
        </failure>
        <system-out><![CDATA[INFO  [org.wso2.carbon.automation.engine.testlisteners.TestManagerListener] - =================== On test skipped org.wso2.am.integration.tests.other.APIMANAGER3226APINameWithDifferentCaseTestCase.testValidateAddAPIsWithDifferentCase ===================
]]></system-out>
    </testcase>
</testsuite>